Started by user Trevor James Smith
 > git rev-parse --is-inside-work-tree # timeout=10
Setting origin to https://github.com/Ouranosinc/PAVICS-e2e-workflow-tests.git
 > git config remote.origin.url https://github.com/Ouranosinc/PAVICS-e2e-workflow-tests.git # timeout=10
Fetching origin...
Fetching upstream changes from origin
 > git --version # timeout=10
 > git config --get remote.origin.url # timeout=10
 > git fetch --tags --progress -- origin +refs/heads/*:refs/remotes/origin/* # timeout=10
Seen branch in repository origin/current-production-version
Seen branch in repository origin/devel-new-extensions
Seen branch in repository origin/extended_tests
Seen branch in repository origin/master
Seen branch in repository origin/new-docker-build
Seen branch in repository origin/new-docker-build-py312
Seen branch in repository origin/pin-jupyter-env
Seen branch in repository origin/test-dockerhub-build
Seen branch in repository origin/twitcher_perf_test_notebook
Seen 9 remote branches
Obtained Jenkinsfile from 1305038bd9d6ba50de05bb7782b33b87df3a546b
Running in Durability level: MAX_SURVIVABILITY
[Pipeline] Start of Pipeline
[Pipeline] node
Running on linux1 in /home/jenkins/agent/workspace/_workflow-tests_new-docker-build
[Pipeline] {
[Pipeline] stage
[Pipeline] { (Declarative: Checkout SCM)
[Pipeline] checkout
No credentials specified
Fetching changes from the remote Git repository
Fetching without tags
Checking out Revision 1305038bd9d6ba50de05bb7782b33b87df3a546b (new-docker-build)
 > git rev-parse --is-inside-work-tree # timeout=10
 > git config remote.origin.url https://github.com/Ouranosinc/PAVICS-e2e-workflow-tests.git # timeout=10
Fetching upstream changes from https://github.com/Ouranosinc/PAVICS-e2e-workflow-tests.git
 > git --version # timeout=10
 > git fetch --no-tags --progress -- https://github.com/Ouranosinc/PAVICS-e2e-workflow-tests.git +refs/heads/*:refs/remotes/origin/* # timeout=10
 > git config core.sparsecheckout # timeout=10
 > git checkout -f 1305038bd9d6ba50de05bb7782b33b87df3a546b # timeout=10
Commit message: "remove raven buildlog"
 > git rev-list --no-walk 7f518ff0ff19de5eaae908dc3199dbc66446d63f # timeout=10
[Pipeline] }
[Pipeline] // stage
[Pipeline] withEnv
[Pipeline] {
[Pipeline] isUnix
[Pipeline] sh
+ docker inspect -f . pavics/workflow-tests:py311-250408
.
[Pipeline] withDockerContainer
linux1 seems to be running inside container 6f0fbbe67eab302fc9f64e219c6ebe1dd0fd2c0d35482dcc73fc606c1d9b6894
$ docker run -t -d -u 1000:1000 -w /home/jenkins/agent/workspace/_workflow-tests_new-docker-build --volumes-from 6f0fbbe67eab302fc9f64e219c6ebe1dd0fd2c0d35482dcc73fc606c1d9b6894 -e ******** -e ******** -e ******** -e ******** -e ******** -e ******** -e ******** -e ******** -e ******** -e ******** -e ******** -e ******** -e ******** -e ******** -e ******** -e ******** -e ******** -e ******** -e ******** -e ******** -e ******** -e ******** -e ******** -e ******** -e ******** -e ******** -e ******** -e ******** -e ******** -e ******** -e ******** -e ******** -e ******** -e ******** -e ******** -e ******** -e ******** -e ******** -e ******** -e ******** -e ******** -e ******** -e ******** -e ******** -e ******** -e ******** -e ******** -e ******** -e ******** -e ******** -e ******** -e ******** -e ******** -e ******** -e ******** -e ******** -e ******** -e ******** -e ******** -e ******** -e ******** -e ******** -e ******** -e ******** -e ******** -e ******** pavics/workflow-tests:py311-250408 cat
$ docker top c469ff3ee3372bf6dcb3f7694448e6351d85abc950f5c2c74c593e1811089a99 -eo pid,comm
[Pipeline] {
[Pipeline] ansiColor
[Pipeline] {
[Pipeline] timestamps
[Pipeline] {
[Pipeline] timeout
13:59:58  Timeout set to expire in 4 hr 0 min
[Pipeline] {
[Pipeline] stage
[Pipeline] { (Run tests)
[Pipeline] script
[Pipeline] {
[Pipeline] withCredentials
13:59:58  Masking supported pattern matches of $ESGF_AUTH_USERNAME or $ESGF_AUTH_PASSWORD or $ESGF_AUTH_TOKEN or $COMPUTE_TOKEN
[Pipeline] {
[Pipeline] sh
13:59:59  + VERIFY_SSL=true SAVE_RESULTING_NOTEBOOK=true ./testall
13:59:59  TEST_PAVICS_SDI_REPO has been set to 'true'
13:59:59  PAVICS_SDI_BRANCH has been set to 'master'
13:59:59  PAVICS_SDI_REPO has been set to 'Ouranosinc/pavics-sdi'
13:59:59  TEST_FINCH_REPO has been set to 'true'
13:59:59  FINCH_BRANCH has been set to 'master'
13:59:59  FINCH_REPO has been set to 'bird-house/finch'
13:59:59  TEST_PAVICS_LANDING_REPO has been set to 'true'
13:59:59  PAVICS_LANDING_BRANCH has been set to 'master'
13:59:59  PAVICS_LANDING_REPO has been set to 'Ouranosinc/PAVICS-landing'
13:59:59  TEST_RAVEN_REPO has been set to 'true'
13:59:59  RAVEN_BRANCH has been set to 'main'
13:59:59  RAVEN_REPO has been set to 'Ouranosinc/raven'
13:59:59  TEST_RAVENPY_REPO has been set to 'true'
13:59:59  RAVENPY_BRANCH has been set to 'master'
13:59:59  RAVENPY_REPO has been set to 'CSHS-CWRA/RavenPy'
13:59:59  TEST_ESGF_COMPUTE_API_REPO has been set to 'false'
13:59:59  ESGF_COMPUTE_API_BRANCH has been set to 'devel'
13:59:59  ESGF_COMPUTE_API_REPO has been set to 'ESGF/esgf-compute-api'
13:59:59  TEST_LOCAL_NOTEBOOKS has been set to 'true'
13:59:59  + [ x != xtrue ]
13:59:59  + git clean -fdx
13:59:59  Removing .pytest_cache/
13:59:59  Removing PAVICS-landing-pjei-update-202504/
13:59:59  Removing RavenPy-pjei-update-202504/
13:59:59  Removing __pycache__/
13:59:59  Removing buildout/
13:59:59  Removing finch-master/
13:59:59  Removing pavics-sdi-pjei-update-202504/
13:59:59  Removing raven-main/
13:59:59  + handle_config_parameters_script_url https://raw.githubusercontent.com/Ouranosinc/PAVICS-e2e-workflow-tests/refs/heads/master/test-override/jenkins-params-default.include.sh
13:59:59  + TMP_CONFIG_PARAMETERS_SCRIPT_URL=https://raw.githubusercontent.com/Ouranosinc/PAVICS-e2e-workflow-tests/refs/heads/master/test-override/jenkins-params-default.include.sh
13:59:59  + [ -n https://raw.githubusercontent.com/Ouranosinc/PAVICS-e2e-workflow-tests/refs/heads/master/test-override/jenkins-params-default.include.sh ]
13:59:59  + TMP_PARAMS_OVERRIDE=/tmp/jenkins_params_override
13:59:59  + rm -vf /tmp/jenkins_params_override
13:59:59  removed '/tmp/jenkins_params_override'
13:59:59  + curl --fail --silent https://raw.githubusercontent.com/Ouranosinc/PAVICS-e2e-workflow-tests/refs/heads/master/test-override/jenkins-params-default.include.sh
13:59:59  + CURL_EXIT_CODE=0
13:59:59  + cat /tmp/jenkins_params_override
13:59:59  #!/bin/sh
13:59:59  #
13:59:59  # Jenkins params override script to demonstrate excluding default
13:59:59  # notebooks and on-the-fly DEFAULT_CONFIG_OVERRIDE_SCRIPT_URL file creation.
13:59:59  #
13:59:59  # This script is intended for param DEFAULT_CONFIG_PARAMETERS_SCRIPT_URL.
13:59:59
13:59:59  # Scenario: we want to exclude some default notebooks that is known to not work
13:59:59  # or we do not need to generate the output at the end.
13:59:59
13:59:59  # Create DEFAULT_CONFIG_OVERRIDE_SCRIPT_URL file on-the-fly to run the notebooks
13:59:59  # from our external repo.
13:59:59
13:59:59  DEFAULT_CONFIG_OVERRIDE_SCRIPT_URL="/tmp/default-config-override.include.sh"
13:59:59
13:59:59  # Need to export so it is visible in 'runtest'.
13:59:59  export DEFAULT_CONFIG_OVERRIDE_SCRIPT_URL
13:59:59
13:59:59  # Populate the content of our DEFAULT_CONFIG_OVERRIDE_SCRIPT_URL.
13:59:59  echo '
13:59:59  #!/bin/sh
13:59:59  # Config override script to exclude default notebooks.
13:59:59
13:59:59  # Add more -e for additional nbs to blacklist.
13:59:59  #NEW_NB_LIST="$(echo $NOTEBOOKS | sed \
13:59:59  #  -e "s@$RAVENPY_DIR/docs/notebooks/HydroShare_integration.ipynb@@" \
13:59:59  #  )"
13:59:59  #NOTEBOOKS="$NEW_NB_LIST"
13:59:59
13:59:59
13:59:59  # Select which notebooks to blacklist from generating output.
13:59:59  enable_resulting_nb() {
13:59:59      if [ x"$1" = x"$PAVICS_SDI_DIR/docs/source/notebooks/FAQ_dask_parallel.ipynb" ] ||
13:59:59         [ x"$1" = x"$PAVICS_LANDING_DIR/content/notebooks/climate_indicators/PAVICStutorial_ClimateDataAnalysis-3Climate-Indicators.ipynb" ]; then
13:59:59          # Blacklist those notebooks.
13:59:59          echo "Skipping \"$1\"."
13:59:59          return 1
13:59:59      else
13:59:59          # Enable all the rest.
13:59:59          return 0
13:59:59      fi
13:59:59  }
13:59:59  ' > "$DEFAULT_CONFIG_OVERRIDE_SCRIPT_URL"
13:59:59  + [ 0 -eq 0 ]
13:59:59  + . /tmp/jenkins_params_override
13:59:59  + DEFAULT_CONFIG_OVERRIDE_SCRIPT_URL=/tmp/default-config-override.include.sh
13:59:59  + export DEFAULT_CONFIG_OVERRIDE_SCRIPT_URL
13:59:59  + echo
13:59:59  #!/bin/sh
13:59:59  # Config override script to exclude default notebooks.
13:59:59
13:59:59  # Add more -e for additional nbs to blacklist.
13:59:59  #NEW_NB_LIST="$(echo $NOTEBOOKS | sed \
13:59:59  #  -e "s@$RAVENPY_DIR/docs/notebooks/HydroShare_integration.ipynb@@" \
13:59:59  #  )"
13:59:59  #NOTEBOOKS="$NEW_NB_LIST"
13:59:59
13:59:59
13:59:59  # Select which notebooks to blacklist from generating output.
13:59:59  enable_resulting_nb() {
13:59:59      if [ x"$1" = x"$PAVICS_SDI_DIR/docs/source/notebooks/FAQ_dask_parallel.ipynb" ] ||
13:59:59         [ x"$1" = x"$PAVICS_LANDING_DIR/content/notebooks/climate_indicators/PAVICStutorial_ClimateDataAnalysis-3Climate-Indicators.ipynb" ]; then
13:59:59          # Blacklist those notebooks.
13:59:59          echo "Skipping \"$1\"."
13:59:59          return 1
13:59:59      else
13:59:59          # Enable all the rest.
13:59:59          return 0
13:59:59      fi
13:59:59  }
13:59:59
13:59:59  + TMP_CONFIG_PARAMETERS_SCRIPT_URL=
13:59:59  + handle_config_parameters_script_url
13:59:59  + TMP_CONFIG_PARAMETERS_SCRIPT_URL=
13:59:59  + [ -n  ]
13:59:59  + TMP_CONFIG_PARAMETERS_SCRIPT_URL=
13:59:59  + handle_config_parameters_script_url https://gist.githubusercontent.com/Zeitsperre/6a43fae5fff6ebec6f665b6247e03aec/raw/fde3a69011148f518b5ebfb278c9f2b19fecd1af/PAVICS_OVERRIDES.sh
13:59:59  + TMP_CONFIG_PARAMETERS_SCRIPT_URL=https://gist.githubusercontent.com/Zeitsperre/6a43fae5fff6ebec6f665b6247e03aec/raw/fde3a69011148f518b5ebfb278c9f2b19fecd1af/PAVICS_OVERRIDES.sh
13:59:59  + [ -n https://gist.githubusercontent.com/Zeitsperre/6a43fae5fff6ebec6f665b6247e03aec/raw/fde3a69011148f518b5ebfb278c9f2b19fecd1af/PAVICS_OVERRIDES.sh ]
13:59:59  + TMP_PARAMS_OVERRIDE=/tmp/jenkins_params_override
13:59:59  + rm -vf /tmp/jenkins_params_override
13:59:59  removed '/tmp/jenkins_params_override'
13:59:59  + curl --fail --silent https://gist.githubusercontent.com/Zeitsperre/6a43fae5fff6ebec6f665b6247e03aec/raw/fde3a69011148f518b5ebfb278c9f2b19fecd1af/PAVICS_OVERRIDES.sh
13:59:59  + CURL_EXIT_CODE=0
13:59:59  + cat /tmp/jenkins_params_override
13:59:59  #!/bin/sh -x
13:59:59
13:59:59  # Disable other default repos we don't need to speed up checkout
13:59:59
13:59:59  TEST_PAVICS_SDI_REPO="true"
13:59:59  PAVICS_SDI_BRANCH="pjei-update-202504"
13:59:59
13:59:59  TEST_FINCH_REPO="false"
13:59:59  FINCH_BRANCH="master"
13:59:59
13:59:59  TEST_PAVICS_LANDING_REPO="true"
13:59:59  PAVICS_LANDING_BRANCH="pjei-update-202504"
13:59:59
13:59:59  TEST_RAVEN_REPO="false"
13:59:59  RAVEN_BRANCH="false"
13:59:59
13:59:59  TEST_RAVENPY_REPO="true"
13:59:59  RAVENPY_BRANCH="master"
13:59:59
13:59:59  TEST_LOCAL_NOTEBOOKS="false"
13:59:59
13:59:59  # Good for refreshing notebook output.
13:59:59  SAVE_RESULTING_NOTEBOOK="true"  # already default value
13:59:59  SAVE_RESULTING_NOTEBOOK_TIMEOUT="240"  # default 240; use 600 for final prod build
13:59:59
13:59:59  # Create CONFIG_OVERRIDE_SCRIPT_URL file on-the-fly to run the nb from our new repo.
13:59:59  CONFIG_OVERRIDE_SCRIPT_URL="/tmp/custom-repos.include.sh"
13:59:59
13:59:59  # Populate the content of our CONFIG_OVERRIDE_SCRIPT_URL.
13:59:59  # NOTEBOOKS="${PAVICS_SDI_DIR}/docs/source/notebooks/regridding.ipynb"
13:59:59  # NOTEBOOKS="${PAVICS_LANDING_DIR}/content/notebooks/climate_indicators/PAVICStutorial_ClimateDataAnalysis-3Climate-Indicators.ipynb"
13:59:59
13:59:59  echo '
13:59:59  #!/bin/sh -x
13:59:59  NOTEBOOKS=\
13:59:59  "${PAVICS_SDI_DIR}/docs/source/notebooks/FAQ_dask_parallel.ipynb \
13:59:59  ${PAVICS_SDI_DIR}/docs/source/notebooks/regridding.ipynb \
13:59:59  ${PAVICS_LANDING_DIR}/content/notebooks/hydrology/PAVICStutorial_Hydrology-01_Intro.ipynb \
13:59:59  ${PAVICS_LANDING_DIR}/content/notebooks/hydrology/PAVICStutorial_Hydrology-02_Calibration.ipynb \
13:59:59  ${RAVENPY_DIR}/docs/notebooks/Perform_Regionalization.ipynb"
13:59:59
13:59:59  enable_resulting_nb() {
13:59:59    return 0
13:59:59  }
13:59:59  ' > "$CONFIG_OVERRIDE_SCRIPT_URL"+ [ 0 -eq 0 ]
13:59:59  + . /tmp/jenkins_params_override
13:59:59  + TEST_PAVICS_SDI_REPO=true
13:59:59  + PAVICS_SDI_BRANCH=pjei-update-202504
13:59:59  + TEST_FINCH_REPO=false
13:59:59  + FINCH_BRANCH=master
13:59:59  + TEST_PAVICS_LANDING_REPO=true
13:59:59  + PAVICS_LANDING_BRANCH=pjei-update-202504
13:59:59  + TEST_RAVEN_REPO=false
13:59:59  + RAVEN_BRANCH=false
13:59:59  + TEST_RAVENPY_REPO=true
13:59:59  + RAVENPY_BRANCH=master
13:59:59  + TEST_LOCAL_NOTEBOOKS=false
13:59:59  + SAVE_RESULTING_NOTEBOOK=true
13:59:59  + SAVE_RESULTING_NOTEBOOK_TIMEOUT=240
13:59:59  + CONFIG_OVERRIDE_SCRIPT_URL=/tmp/custom-repos.include.sh
13:59:59  + echo
13:59:59  #!/bin/sh -x
13:59:59  NOTEBOOKS=\
13:59:59  "${PAVICS_SDI_DIR}/docs/source/notebooks/FAQ_dask_parallel.ipynb \
13:59:59  ${PAVICS_SDI_DIR}/docs/source/notebooks/regridding.ipynb \
13:59:59  ${PAVICS_LANDING_DIR}/content/notebooks/hydrology/PAVICStutorial_Hydrology-01_Intro.ipynb \
13:59:59  ${PAVICS_LANDING_DIR}/content/notebooks/hydrology/PAVICStutorial_Hydrology-02_Calibration.ipynb \
13:59:59  ${RAVENPY_DIR}/docs/notebooks/Perform_Regionalization.ipynb"
13:59:59
13:59:59  enable_resulting_nb() {
13:59:59    return 0
13:59:59  }
13:59:59
13:59:59  + TMP_CONFIG_PARAMETERS_SCRIPT_URL=
13:59:59  + DOWNLOAD_ALL_DEFAULT_REPOS=false
13:59:59  + downloadrepos_main
13:59:59  + . ./default_build_params
13:59:59  + [ -z true ]
13:59:59  + echo TEST_PAVICS_SDI_REPO has been set to 'true'
13:59:59  TEST_PAVICS_SDI_REPO has been set to 'true'
13:59:59  + [ -z pjei-update-202504 ]
13:59:59  + echo PAVICS_SDI_BRANCH has been set to 'pjei-update-202504'
13:59:59  PAVICS_SDI_BRANCH has been set to 'pjei-update-202504'
13:59:59  + [ -z Ouranosinc/pavics-sdi ]
13:59:59  + echo PAVICS_SDI_REPO has been set to 'Ouranosinc/pavics-sdi'
13:59:59  PAVICS_SDI_REPO has been set to 'Ouranosinc/pavics-sdi'
13:59:59  + [ -z false ]
13:59:59  + echo TEST_FINCH_REPO has been set to 'false'
13:59:59  TEST_FINCH_REPO has been set to 'false'
13:59:59  + [ -z master ]
13:59:59  + echo FINCH_BRANCH has been set to 'master'
13:59:59  FINCH_BRANCH has been set to 'master'
13:59:59  + [ -z bird-house/finch ]
13:59:59  + echo FINCH_REPO has been set to 'bird-house/finch'
13:59:59  FINCH_REPO has been set to 'bird-house/finch'
13:59:59  + [ -z true ]
13:59:59  + echo TEST_PAVICS_LANDING_REPO has been set to 'true'
13:59:59  TEST_PAVICS_LANDING_REPO has been set to 'true'
13:59:59  + [ -z pjei-update-202504 ]
13:59:59  + echo PAVICS_LANDING_BRANCH has been set to 'pjei-update-202504'
13:59:59  PAVICS_LANDING_BRANCH has been set to 'pjei-update-202504'
13:59:59  + [ -z Ouranosinc/PAVICS-landing ]
13:59:59  + echo PAVICS_LANDING_REPO has been set to 'Ouranosinc/PAVICS-landing'
13:59:59  PAVICS_LANDING_REPO has been set to 'Ouranosinc/PAVICS-landing'
13:59:59  + [ -z false ]
13:59:59  + echo TEST_RAVEN_REPO has been set to 'false'
13:59:59  TEST_RAVEN_REPO has been set to 'false'
13:59:59  + [ -z false ]
13:59:59  + echo RAVEN_BRANCH has been set to 'false'
13:59:59  RAVEN_BRANCH has been set to 'false'
13:59:59  + [ -z Ouranosinc/raven ]
13:59:59  + echo RAVEN_REPO has been set to 'Ouranosinc/raven'
13:59:59  RAVEN_REPO has been set to 'Ouranosinc/raven'
13:59:59  + [ -z true ]
13:59:59  + echo TEST_RAVENPY_REPO has been set to 'true'
13:59:59  TEST_RAVENPY_REPO has been set to 'true'
13:59:59  + [ -z master ]
13:59:59  + echo RAVENPY_BRANCH has been set to 'master'
13:59:59  RAVENPY_BRANCH has been set to 'master'
13:59:59  + [ -z CSHS-CWRA/RavenPy ]
13:59:59  + echo RAVENPY_REPO has been set to 'CSHS-CWRA/RavenPy'
13:59:59  RAVENPY_REPO has been set to 'CSHS-CWRA/RavenPy'
13:59:59  + [ -z false ]
13:59:59  + echo TEST_ESGF_COMPUTE_API_REPO has been set to 'false'
13:59:59  TEST_ESGF_COMPUTE_API_REPO has been set to 'false'
13:59:59  + [ -z devel ]
13:59:59  + echo ESGF_COMPUTE_API_BRANCH has been set to 'devel'
13:59:59  ESGF_COMPUTE_API_BRANCH has been set to 'devel'
13:59:59  + [ -z ESGF/esgf-compute-api ]
13:59:59  + echo ESGF_COMPUTE_API_REPO has been set to 'ESGF/esgf-compute-api'
13:59:59  ESGF_COMPUTE_API_REPO has been set to 'ESGF/esgf-compute-api'
13:59:59  + [ -z false ]
13:59:59  + echo TEST_LOCAL_NOTEBOOKS has been set to 'false'
13:59:59  TEST_LOCAL_NOTEBOOKS has been set to 'false'
13:59:59  + lowercase_boolean_build_params
13:59:59  + lowercase false
13:59:59  + echo false
13:59:59  + tr [:upper:] [:lower:]
13:59:59  + TEST_MAGPIE_AUTH=false
13:59:59  + lowercase true
13:59:59  + echo true
13:59:59  + tr [:upper:] [:lower:]
13:59:59  + TEST_PAVICS_SDI_REPO=true
13:59:59  + lowercase false
13:59:59  + echo false
13:59:59  + tr [:upper:] [:lower:]
13:59:59  + TEST_PAVICS_SDI_WEAVER=false
13:59:59  + lowercase false
13:59:59  + echo false
13:59:59  + tr [:upper:] [:lower:]
13:59:59  + TEST_FINCH_REPO=false
13:59:59  + lowercase true
13:59:59  + echo true
13:59:59  + tr [:upper:] [:lower:]
13:59:59  + TEST_PAVICS_LANDING_REPO=true
13:59:59  + lowercase false
13:59:59  + + trecho [:upper:] [:lower:] false
13:59:59
13:59:59  + TEST_RAVEN_REPO=false
13:59:59  + lowercase true
13:59:59  + echo true
13:59:59  + tr [:upper:] [:lower:]
13:59:59  + TEST_RAVENPY_REPO=true
13:59:59  + lowercase false
13:59:59  + echo false
13:59:59  + tr [:upper:] [:lower:]
13:59:59  + TEST_ESGF_COMPUTE_API_REPO=false
13:59:59  + lowercase false
13:59:59  + echo false
13:59:59  + tr [:upper:] [:lower:]
13:59:59  + TEST_LOCAL_NOTEBOOKS=false
13:59:59  + [ -z false ]
13:59:59  + [ -z  ]
13:59:59  + [ xfalse = xtrue ]
13:59:59  + [ xtrue = xtrue ]
13:59:59  + downloadgithubrepos Ouranosinc/pavics-sdi pjei-update-202504
13:59:59  + owner_and_repo_name=Ouranosinc/pavics-sdi
13:59:59  + shift
13:59:59  + echo Ouranosinc/pavics-sdi
13:59:59  + sed s@/.*$@@g
13:59:59  + repo_owner=Ouranosinc
13:59:59  + echo Ouranosinc/pavics-sdi
13:59:59  + sed s@^.*/@@g
13:59:59  + repo_name=pavics-sdi
13:59:59  + repo_branch=pjei-update-202504
13:59:59  + shift
13:59:59  + [ x != xtrue ]
13:59:59  + rm -rf pavics-sdi-*
13:59:59  + ls
13:59:59  + grep pavics-sdi
13:59:59  + [ x = xtrue ]
13:59:59  + downloadrepos https://github.com/Ouranosinc/pavics-sdi pjei-update-202504
13:59:59  + github_repo=https://github.com/Ouranosinc/pavics-sdi
13:59:59  + shift
13:59:59  + branch=pjei-update-202504
13:59:59  + shift
13:59:59  + wget --quiet --output-document - https://github.com/Ouranosinc/pavics-sdi/archive/pjei-update-202504.tar.gz
13:59:59  + tar xz
14:00:01  + ls
14:00:01  + grep pavics-sdi
14:00:01  pavics-sdi-pjei-update-202504
14:00:01  + [ xfalse = xtrue ]
14:00:01  + [ xfalse = xtrue ]
14:00:01  + [ xfalse = xtrue ]
14:00:01  + [ xtrue = xtrue ]
14:00:01  + downloadgithubrepos Ouranosinc/PAVICS-landing pjei-update-202504
14:00:01  + owner_and_repo_name=Ouranosinc/PAVICS-landing
14:00:01  + shift
14:00:01  + echo Ouranosinc/PAVICS-landing
14:00:01  + sed s@/.*$@@g
14:00:01  + repo_owner=Ouranosinc
14:00:01  + echo Ouranosinc/PAVICS-landing
14:00:01  + sed s@^.*/@@g
14:00:01  + repo_name=PAVICS-landing
14:00:01  + repo_branch=pjei-update-202504
14:00:01  + shift
14:00:01  + [ x != xtrue ]
14:00:01  + rm -rf PAVICS-landing-*
14:00:01  + ls
14:00:01  + grep PAVICS-landing
14:00:01  + [ x = xtrue ]
14:00:01  + downloadrepos https://github.com/Ouranosinc/PAVICS-landing pjei-update-202504
14:00:01  + github_repo=https://github.com/Ouranosinc/PAVICS-landing
14:00:01  + shift
14:00:01  + branch=pjei-update-202504
14:00:01  + shift
14:00:01  + wget --quiet --output-document - https://github.com/Ouranosinc/PAVICS-landing/archive/pjei-update-202504.tar.gz
14:00:01  + tar xz
14:00:11  + + ls
14:00:11  grep PAVICS-landing
14:00:11  PAVICS-landing-pjei-update-202504
14:00:11  + [ xfalse = xtrue ]
14:00:11  + [ xfalse = xtrue ]
14:00:11  + [ xfalse = xtrue ]
14:00:11  + [ xtrue = xtrue ]
14:00:11  + downloadgithubrepos CSHS-CWRA/RavenPy master
14:00:11  + owner_and_repo_name=CSHS-CWRA/RavenPy
14:00:11  + shift
14:00:11  + echo CSHS-CWRA/RavenPy
14:00:11  + sed s@/.*$@@g
14:00:11  + repo_owner=CSHS-CWRA
14:00:11  + echo CSHS-CWRA/RavenPy
14:00:11  + sed s@^.*/@@g
14:00:11  + repo_name=RavenPy
14:00:11  + repo_branch=master
14:00:11  + shift
14:00:11  + [ x != xtrue ]
14:00:11  + rm -rf RavenPy-*
14:00:11  + ls
14:00:11  + grep RavenPy
14:00:11  + [ x = xtrue ]
14:00:11  + downloadrepos https://github.com/CSHS-CWRA/RavenPy master
14:00:11  + github_repo=https://github.com/CSHS-CWRA/RavenPy
14:00:11  + shift
14:00:11  + branch=master
14:00:11  + shift
14:00:11  + wget --quiet --output-document - https://github.com/CSHS-CWRA/RavenPy/archive/master.tar.gz
14:00:11  + tar xz
14:00:11  + ls
14:00:11  + grep RavenPy
14:00:11  RavenPy-master
14:00:11  + [ xfalse = xtrue ]
14:00:11  + [ xfalse = xtrue ]
14:00:11  + sanitize_branch_name pjei-update-202504
14:00:11  + echo pjei-update-202504
14:00:11  + sed s@/@-@g
14:00:11  + export PAVICS_SDI_BRANCH=pjei-update-202504
14:00:11  + extract_repo_name Ouranosinc/pavics-sdi
14:00:11  + echo Ouranosinc/pavics-sdi
14:00:11  + sed s@^.*/@@g
14:00:11  + export PAVICS_SDI_REPO_NAME=pavics-sdi
14:00:11  + sanitize_branch_name master
14:00:11  + echo master
14:00:11  + sed s@/@-@g
14:00:11  + export FINCH_BRANCH=master
14:00:11  + extract_repo_name bird-house/finch
14:00:11  + echo bird-house/finch
14:00:11  + sed s@^.*/@@g
14:00:11  + export FINCH_REPO_NAME=finch
14:00:11  + sanitize_branch_name pjei-update-202504
14:00:11  + echo pjei-update-202504
14:00:11  + sed s@/@-@g
14:00:11  + export PAVICS_LANDING_BRANCH=pjei-update-202504
14:00:11  + extract_repo_name Ouranosinc/PAVICS-landing
14:00:11  + echo Ouranosinc/PAVICS-landing
14:00:11  + sed s@^.*/@@g
14:00:11  + export PAVICS_LANDING_REPO_NAME=PAVICS-landing
14:00:11  + sanitize_branch_name false
14:00:11  + echo false
14:00:11  + sed s@/@-@g
14:00:11  + export RAVEN_BRANCH=false
14:00:11  + extract_repo_name Ouranosinc/raven
14:00:11  + echo Ouranosinc/raven
14:00:11  + sed s@^.*/@@g
14:00:11  + export RAVEN_REPO_NAME=raven
14:00:11  + sanitize_branch_name master
14:00:11  + echo master
14:00:11  + sed s@/@-@g
14:00:11  + export RAVENPY_BRANCH=master
14:00:11  + extract_repo_name CSHS-CWRA/RavenPy
14:00:11  + echo CSHS-CWRA/RavenPy
14:00:11  + sed s@^.*/@@g
14:00:11  + export RAVENPY_REPO_NAME=RavenPy
14:00:11  + sanitize_branch_name devel
14:00:11  + echo devel
14:00:11  + sed s@/@-@g
14:00:11  + export ESGF_COMPUTE_API_BRANCH=devel
14:00:11  + extract_repo_name ESGF/esgf-compute-api
14:00:11  + echo ESGF/esgf-compute-api
14:00:11  + sed s@^.*/@@g
14:00:11  + export ESGF_COMPUTE_API_REPO_NAME=esgf-compute-api
14:00:11  + sanitize_extracted_folder_name pavics-sdi-pjei-update-202504
14:00:11  + echo pavics-sdi-pjei-update-202504
14:00:11  + sed s@[^a-zA-Z0-9_\-\.]@-@g
14:00:11  + export PAVICS_SDI_DIR=pavics-sdi-pjei-update-202504
14:00:11  + sanitize_extracted_folder_name finch-master
14:00:11  + echo finch-master
14:00:11  + sed s@[^a-zA-Z0-9_\-\.]@-@g
14:00:11  + export FINCH_DIR=finch-master
14:00:11  + sanitize_extracted_folder_name PAVICS-landing-pjei-update-202504
14:00:11  + echo PAVICS-landing-pjei-update-202504
14:00:11  + sed s@[^a-zA-Z0-9_\-\.]@-@g
14:00:11  + export PAVICS_LANDING_DIR=PAVICS-landing-pjei-update-202504
14:00:11  + sanitize_extracted_folder_name raven-false
14:00:11  + echo raven-false
14:00:11  + sed s@[^a-zA-Z0-9_\-\.]@-@g
14:00:11  + export RAVEN_DIR=raven-false
14:00:11  + sanitize_extracted_folder_name RavenPy-master
14:00:11  + echo RavenPy-master
14:00:11  + sed s@[^a-zA-Z0-9_\-\.]@-@g
14:00:11  + export RAVENPY_DIR=RavenPy-master
14:00:11  + sanitize_extracted_folder_name esgf-compute-api-devel
14:00:11  + echo esgf-compute-api-devel
14:00:11  + sed s@[^a-zA-Z0-9_\-\.]@-@g
14:00:11  + export ESGF_COMPUTE_API_DIR=esgf-compute-api-devel
14:00:11  + lowercase true
14:00:11  + echo true
14:00:11  + tr [:upper:] [:lower:]
14:00:11  + VERIFY_SSL=true
14:00:11  + [ xtrue = xfalse ]
14:00:11  + NOTEBOOKS_TO_TEST=
14:00:11  + [ xfalse = xtrue ]
14:00:11  + [ xtrue = xtrue ]
14:00:11  + NOTEBOOKS_TO_TEST= pavics-sdi-pjei-update-202504/docs/source/notebooks/*.ipynb
14:00:11  + [ xfalse = xtrue ]
14:00:11  + [ xfalse = xtrue ]
14:00:11  + [ xtrue = xtrue ]
14:00:11  + NOTEBOOKS_TO_TEST= pavics-sdi-pjei-update-202504/docs/source/notebooks/*.ipynb PAVICS-landing-pjei-update-202504/content/notebooks/climate_indicators/*.ipynb
14:00:11  + NOTEBOOKS_TO_TEST= pavics-sdi-pjei-update-202504/docs/source/notebooks/*.ipynb PAVICS-landing-pjei-update-202504/content/notebooks/climate_indicators/*.ipynb PAVICS-landing-pjei-update-202504/content/notebooks/hydrology/*.ipynb
14:00:11  + SETUP_SCRIPT=PAVICS-landing-pjei-update-202504/content/notebooks/climate_indicators/setup_dirlayout.sh
14:00:11  + [ -x PAVICS-landing-pjei-update-202504/content/notebooks/climate_indicators/setup_dirlayout.sh ]
14:00:11  + PAVICS-landing-pjei-update-202504/content/notebooks/climate_indicators/setup_dirlayout.sh
14:00:11  + realpath PAVICS-landing-pjei-update-202504/content/notebooks/climate_indicators/setup_dirlayout.sh
14:00:11  + THIS_FILE=/home/jenkins/agent/workspace/_workflow-tests_new-docker-build/PAVICS-landing-pjei-update-202504/content/notebooks/climate_indicators/setup_dirlayout.sh
14:00:11  + dirname /home/jenkins/agent/workspace/_workflow-tests_new-docker-build/PAVICS-landing-pjei-update-202504/content/notebooks/climate_indicators/setup_dirlayout.sh
14:00:11  + THIS_DIR=/home/jenkins/agent/workspace/_workflow-tests_new-docker-build/PAVICS-landing-pjei-update-202504/content/notebooks/climate_indicators
14:00:11  + NOTEBOOK_OUTDIR_BASE=/notebook_dir/writable-workspace/tmp
14:00:11  + mkdir -p /notebook_dir/writable-workspace/tmp
14:00:11  + unzip /home/jenkins/agent/workspace/_workflow-tests_new-docker-build/PAVICS-landing-pjei-update-202504/content/notebooks/climate_indicators/tutorial3.zip -d /notebook_dir/writable-workspace/tmp/
14:00:11  Archive:  /home/jenkins/agent/workspace/_workflow-tests_new-docker-build/PAVICS-landing-pjei-update-202504/content/notebooks/climate_indicators/tutorial3.zip
14:00:11    inflating: /notebook_dir/writable-workspace/tmp/tutorial3/output/tx_days_above_27_seasonal_ESPO-G6-R2_v1.0.0_CMIP6_ScenarioMIP_NAM_MPI-M_MPI-ESM1-2-LR_ssp245_r1i1p1f1_1980-2100.nc
14:00:11    inflating: /notebook_dir/writable-workspace/tmp/tutorial3/output/tx_mean_annual_ESPO-G6-R2_v1.0.0_CMIP6_ScenarioMIP_NAM_MPI-M_MPI-ESM1-2-LR_ssp245_r1i1p1f1_1981-2100.nc
14:00:11    inflating: /notebook_dir/writable-workspace/tmp/tutorial3/output/tx_mean_seasonal_ESPO-G6-R2_v1.0.0_CMIP6_ScenarioMIP_NAM_MPI-M_MPI-ESM1-2-LR_ssp245_r1i1p1f1_1980-2100.nc
14:00:11    inflating: /notebook_dir/writable-workspace/tmp/tutorial3/output/tx_days_above_27_annual_ESPO-G6-R2_v1.0.0_CMIP6_ScenarioMIP_NAM_MPI-M_MPI-ESM1-2-HR_ssp245_r1i1p1f1_1981-2100.nc
14:00:11    inflating: /notebook_dir/writable-workspace/tmp/tutorial3/output/tx_days_above_27_seasonal_ESPO-G6-R2_v1.0.0_CMIP6_ScenarioMIP_NAM_MPI-M_MPI-ESM1-2-HR_ssp245_r1i1p1f1_1980-2100.nc
14:00:11    inflating: /notebook_dir/writable-workspace/tmp/tutorial3/output/tx_mean_annual_ESPO-G6-R2_v1.0.0_CMIP6_ScenarioMIP_NAM_MPI-M_MPI-ESM1-2-HR_ssp245_r1i1p1f1_1981-2100.nc
14:00:11    inflating: /notebook_dir/writable-workspace/tmp/tutorial3/output/tx_mean_seasonal_ESPO-G6-R2_v1.0.0_CMIP6_ScenarioMIP_NAM_MPI-M_MPI-ESM1-2-HR_ssp245_r1i1p1f1_1980-2100.nc
14:00:11    inflating: /notebook_dir/writable-workspace/tmp/tutorial3/output/tx_days_above_27_annual_ESPO-G6-R2_v1.0.0_CMIP6_ScenarioMIP_NAM_MIROC_MIROC6_ssp245_r1i1p1f1_1981-2100.nc
14:00:11    inflating: /notebook_dir/writable-workspace/tmp/tutorial3/output/tx_days_above_27_seasonal_ESPO-G6-R2_v1.0.0_CMIP6_ScenarioMIP_NAM_MIROC_MIROC6_ssp245_r1i1p1f1_1980-2100.nc
14:00:11    inflating: /notebook_dir/writable-workspace/tmp/tutorial3/output/tx_mean_annual_ESPO-G6-R2_v1.0.0_CMIP6_ScenarioMIP_NAM_MIROC_MIROC6_ssp245_r1i1p1f1_1981-2100.nc
14:00:11    inflating: /notebook_dir/writable-workspace/tmp/tutorial3/output/tx_mean_seasonal_ESPO-G6-R2_v1.0.0_CMIP6_ScenarioMIP_NAM_MIROC_MIROC6_ssp245_r1i1p1f1_1980-2100.nc
14:00:11    inflating: /notebook_dir/writable-workspace/tmp/tutorial3/output/tx_days_above_27_annual_ESPO-G6-R2_v1.0.0_CMIP6_ScenarioMIP_NAM_INM_INM-CM5-0_ssp245_r1i1p1f1_1981-2100.nc
14:00:11    inflating: /notebook_dir/writable-workspace/tmp/tutorial3/output/tx_days_above_27_seasonal_ESPO-G6-R2_v1.0.0_CMIP6_ScenarioMIP_NAM_INM_INM-CM5-0_ssp245_r1i1p1f1_1980-2100.nc
14:00:11    inflating: /notebook_dir/writable-workspace/tmp/tutorial3/output/tx_mean_annual_ESPO-G6-R2_v1.0.0_CMIP6_ScenarioMIP_NAM_INM_INM-CM5-0_ssp245_r1i1p1f1_1981-2100.nc
14:00:11    inflating: /notebook_dir/writable-workspace/tmp/tutorial3/output/tx_mean_seasonal_ESPO-G6-R2_v1.0.0_CMIP6_ScenarioMIP_NAM_INM_INM-CM5-0_ssp245_r1i1p1f1_1980-2100.nc
14:00:11    inflating: /notebook_dir/writable-workspace/tmp/tutorial3/output/tx_days_above_27_annual_ESPO-G6-R2_v1.0.0_CMIP6_ScenarioMIP_NAM_CSIRO_ACCESS-ESM1-5_ssp245_r1i1p1f1_1981-2100.nc
14:00:12    inflating: /notebook_dir/writable-workspace/tmp/tutorial3/output/tx_days_above_27_seasonal_ESPO-G6-R2_v1.0.0_CMIP6_ScenarioMIP_NAM_CSIRO_ACCESS-ESM1-5_ssp245_r1i1p1f1_1980-2100.nc
14:00:12    inflating: /notebook_dir/writable-workspace/tmp/tutorial3/output/tx_mean_annual_ESPO-G6-R2_v1.0.0_CMIP6_ScenarioMIP_NAM_CSIRO_ACCESS-ESM1-5_ssp245_r1i1p1f1_1981-2100.nc
14:00:12    inflating: /notebook_dir/writable-workspace/tmp/tutorial3/output/tx_mean_seasonal_ESPO-G6-R2_v1.0.0_CMIP6_ScenarioMIP_NAM_CSIRO_ACCESS-ESM1-5_ssp245_r1i1p1f1_1980-2100.nc
14:00:12    inflating: /notebook_dir/writable-workspace/tmp/tutorial3/output/tx_days_above_27_annual_ESPO-G6-R2_v1.0.0_CMIP6_ScenarioMIP_NAM_CSIRO-ARCCSS_ACCESS-CM2_ssp245_r1i1p1f1_1981-2100.nc
14:00:12    inflating: /notebook_dir/writable-workspace/tmp/tutorial3/output/tx_days_above_27_seasonal_ESPO-G6-R2_v1.0.0_CMIP6_ScenarioMIP_NAM_CSIRO-ARCCSS_ACCESS-CM2_ssp245_r1i1p1f1_1980-2100.nc
14:00:12    inflating: /notebook_dir/writable-workspace/tmp/tutorial3/output/tx_mean_seasonal_ESPO-G6-R2_v1.0.0_CMIP6_ScenarioMIP_NAM_CSIRO-ARCCSS_ACCESS-CM2_ssp245_r1i1p1f1_1980-2100.nc
14:00:12    inflating: /notebook_dir/writable-workspace/tmp/tutorial3/output/tx_days_above_27_seasonal_ESPO-G6-R2_v1.0.0_CMIP6_ScenarioMIP_NAM_CNRM-CERFACS_CNRM-ESM2-1_ssp245_r1i1p1f2_1980-2100.nc
14:00:12    inflating: /notebook_dir/writable-workspace/tmp/tutorial3/output/tx_days_above_27_seasonal_ESPO-G6-R2_v1.0.0_CMIP6_ScenarioMIP_NAM_CMCC_CMCC-ESM2_ssp245_r1i1p1f1_1980-2100.nc
14:00:12    inflating: /notebook_dir/writable-workspace/tmp/tutorial3/output/tx_days_above_27_annual_ESPO-G6-R2_v1.0.0_CMIP6_ScenarioMIP_NAM_MPI-M_MPI-ESM1-2-LR_ssp245_r1i1p1f1_1981-2100.nc
14:00:12    inflating: /notebook_dir/writable-workspace/tmp/tutorial3/output/tx_mean_seasonal_ESPO-G6-R2_v1.0.0_CMIP6_ScenarioMIP_NAM_CNRM-CERFACS_CNRM-ESM2-1_ssp245_r1i1p1f2_1980-2100.nc
14:00:12    inflating: /notebook_dir/writable-workspace/tmp/tutorial3/output/tx_mean_annual_ESPO-G6-R2_v1.0.0_CMIP6_ScenarioMIP_NAM_CMCC_CMCC-ESM2_ssp245_r1i1p1f1_1981-2100.nc
14:00:12    inflating: /notebook_dir/writable-workspace/tmp/tutorial3/output/tx_mean_annual_ESPO-G6-R2_v1.0.0_CMIP6_ScenarioMIP_NAM_CSIRO-ARCCSS_ACCESS-CM2_ssp245_r1i1p1f1_1981-2100.nc
14:00:12    inflating: /notebook_dir/writable-workspace/tmp/tutorial3/output/tx_days_above_27_annual_ESPO-G6-R2_v1.0.0_CMIP6_ScenarioMIP_NAM_CNRM-CERFACS_CNRM-ESM2-1_ssp245_r1i1p1f2_1981-2100.nc
14:00:12    inflating: /notebook_dir/writable-workspace/tmp/tutorial3/output/tx_mean_annual_ESPO-G6-R2_v1.0.0_CMIP6_ScenarioMIP_NAM_CNRM-CERFACS_CNRM-ESM2-1_ssp245_r1i1p1f2_1981-2100.nc
14:00:12    inflating: /notebook_dir/writable-workspace/tmp/tutorial3/output/tx_days_above_27_annual_ESPO-G6-R2_v1.0.0_CMIP6_ScenarioMIP_NAM_CMCC_CMCC-ESM2_ssp245_r1i1p1f1_1981-2100.nc
14:00:12    inflating: /notebook_dir/writable-workspace/tmp/tutorial3/output/tx_days_above_27_annual_ESPO-G6-R2_v1.0.0_CMIP6_ScenarioMIP_NAM_CNRM-CERFACS_CNRM-ESM2-1_ssp370_r1i1p1f2_1981-2100.nc
14:00:12    inflating: /notebook_dir/writable-workspace/tmp/tutorial3/output/tx_days_above_27_seasonal_ESPO-G6-R2_v1.0.0_CMIP6_ScenarioMIP_NAM_CNRM-CERFACS_CNRM-ESM2-1_ssp370_r1i1p1f2_1980-2100.nc
14:00:12    inflating: /notebook_dir/writable-workspace/tmp/tutorial3/output/tx_mean_annual_ESPO-G6-R2_v1.0.0_CMIP6_ScenarioMIP_NAM_CNRM-CERFACS_CNRM-ESM2-1_ssp370_r1i1p1f2_1981-2100.nc
14:00:12    inflating: /notebook_dir/writable-workspace/tmp/tutorial3/output/tx_mean_seasonal_ESPO-G6-R2_v1.0.0_CMIP6_ScenarioMIP_NAM_CNRM-CERFACS_CNRM-ESM2-1_ssp370_r1i1p1f2_1980-2100.nc
14:00:12    inflating: /notebook_dir/writable-workspace/tmp/tutorial3/output/tx_days_above_27_annual_ESPO-G6-R2_v1.0.0_CMIP6_ScenarioMIP_NAM_CMCC_CMCC-ESM2_ssp370_r1i1p1f1_1981-2100.nc
14:00:12    inflating: /notebook_dir/writable-workspace/tmp/tutorial3/output/tx_days_above_27_seasonal_ESPO-G6-R2_v1.0.0_CMIP6_ScenarioMIP_NAM_CMCC_CMCC-ESM2_ssp370_r1i1p1f1_1980-2100.nc
14:00:12    inflating: /notebook_dir/writable-workspace/tmp/tutorial3/output/tx_mean_annual_ESPO-G6-R2_v1.0.0_CMIP6_ScenarioMIP_NAM_CMCC_CMCC-ESM2_ssp370_r1i1p1f1_1981-2100.nc
14:00:12    inflating: /notebook_dir/writable-workspace/tmp/tutorial3/output/tx_mean_seasonal_ESPO-G6-R2_v1.0.0_CMIP6_ScenarioMIP_NAM_CMCC_CMCC-ESM2_ssp370_r1i1p1f1_1980-2100.nc
14:00:12    inflating: /notebook_dir/writable-workspace/tmp/tutorial3/output/tx_days_above_27_annual_ESPO-G6-R2_v1.0.0_CMIP6_ScenarioMIP_NAM_CAS_FGOALS-g3_ssp370_r1i1p1f1_1981-2100.nc
14:00:12    inflating: /notebook_dir/writable-workspace/tmp/tutorial3/output/tx_days_above_27_seasonal_ESPO-G6-R2_v1.0.0_CMIP6_ScenarioMIP_NAM_CAS_FGOALS-g3_ssp370_r1i1p1f1_1980-2100.nc
14:00:12    inflating: /notebook_dir/writable-workspace/tmp/tutorial3/output/tx_mean_annual_ESPO-G6-R2_v1.0.0_CMIP6_ScenarioMIP_NAM_CAS_FGOALS-g3_ssp370_r1i1p1f1_1981-2100.nc
14:00:12    inflating: /notebook_dir/writable-workspace/tmp/tutorial3/output/tx_mean_seasonal_ESPO-G6-R2_v1.0.0_CMIP6_ScenarioMIP_NAM_CAS_FGOALS-g3_ssp370_r1i1p1f1_1980-2100.nc
14:00:12    inflating: /notebook_dir/writable-workspace/tmp/tutorial3/output/tx_days_above_27_annual_ESPO-G6-R2_v1.0.0_CMIP6_ScenarioMIP_NAM_BCC_BCC-CSM2-MR_ssp370_r1i1p1f1_1981-2100.nc
14:00:12    inflating: /notebook_dir/writable-workspace/tmp/tutorial3/output/tx_days_above_27_seasonal_ESPO-G6-R2_v1.0.0_CMIP6_ScenarioMIP_NAM_BCC_BCC-CSM2-MR_ssp370_r1i1p1f1_1980-2100.nc
14:00:12    inflating: /notebook_dir/writable-workspace/tmp/tutorial3/output/tx_mean_annual_ESPO-G6-R2_v1.0.0_CMIP6_ScenarioMIP_NAM_BCC_BCC-CSM2-MR_ssp370_r1i1p1f1_1981-2100.nc
14:00:12    inflating: /notebook_dir/writable-workspace/tmp/tutorial3/output/tx_mean_seasonal_ESPO-G6-R2_v1.0.0_CMIP6_ScenarioMIP_NAM_BCC_BCC-CSM2-MR_ssp370_r1i1p1f1_1980-2100.nc
14:00:12    inflating: /notebook_dir/writable-workspace/tmp/tutorial3/output/tx_days_above_27_annual_ESPO-G6-R2_v1.0.0_CMIP6_ScenarioMIP_NAM_MIROC_MIROC-ES2L_ssp245_r1i1p1f2_1981-2100.nc
14:00:12    inflating: /notebook_dir/writable-workspace/tmp/tutorial3/output/tx_days_above_27_seasonal_ESPO-G6-R2_v1.0.0_CMIP6_ScenarioMIP_NAM_MIROC_MIROC-ES2L_ssp245_r1i1p1f2_1980-2100.nc
14:00:12    inflating: /notebook_dir/writable-workspace/tmp/tutorial3/output/tx_mean_annual_ESPO-G6-R2_v1.0.0_CMIP6_ScenarioMIP_NAM_MIROC_MIROC-ES2L_ssp245_r1i1p1f2_1981-2100.nc
14:00:12    inflating: /notebook_dir/writable-workspace/tmp/tutorial3/output/tx_mean_seasonal_ESPO-G6-R2_v1.0.0_CMIP6_ScenarioMIP_NAM_MIROC_MIROC-ES2L_ssp245_r1i1p1f2_1980-2100.nc
14:00:12    inflating: /notebook_dir/writable-workspace/tmp/tutorial3/output/tx_days_above_27_annual_ESPO-G6-R2_v1.0.0_CMIP6_ScenarioMIP_NAM_MIROC_MIROC-ES2L_ssp370_r1i1p1f2_1981-2100.nc
14:00:12    inflating: /notebook_dir/writable-workspace/tmp/tutorial3/output/tx_days_above_27_seasonal_ESPO-G6-R2_v1.0.0_CMIP6_ScenarioMIP_NAM_MIROC_MIROC-ES2L_ssp370_r1i1p1f2_1980-2100.nc
14:00:12    inflating: /notebook_dir/writable-workspace/tmp/tutorial3/output/tx_mean_annual_ESPO-G6-R2_v1.0.0_CMIP6_ScenarioMIP_NAM_MIROC_MIROC-ES2L_ssp370_r1i1p1f2_1981-2100.nc
14:00:12    inflating: /notebook_dir/writable-workspace/tmp/tutorial3/output/tx_mean_seasonal_ESPO-G6-R2_v1.0.0_CMIP6_ScenarioMIP_NAM_MIROC_MIROC-ES2L_ssp370_r1i1p1f2_1980-2100.nc
14:00:12    inflating: /notebook_dir/writable-workspace/tmp/tutorial3/output/tx_mean_seasonal_ESPO-G6-R2_v1.0.0_CMIP6_ScenarioMIP_NAM_CMCC_CMCC-ESM2_ssp245_r1i1p1f1_1980-2100.nc
14:00:12    inflating: /notebook_dir/writable-workspace/tmp/tutorial3/output/tx_days_above_27_annual_ESPO-G6-R2_v1.0.0_CMIP6_ScenarioMIP_NAM_CAS_FGOALS-g3_ssp245_r1i1p1f1_1981-2100.nc
14:00:12    inflating: /notebook_dir/writable-workspace/tmp/tutorial3/output/tx_days_above_27_seasonal_ESPO-G6-R2_v1.0.0_CMIP6_ScenarioMIP_NAM_CAS_FGOALS-g3_ssp245_r1i1p1f1_1980-2100.nc
14:00:12    inflating: /notebook_dir/writable-workspace/tmp/tutorial3/output/tx_mean_annual_ESPO-G6-R2_v1.0.0_CMIP6_ScenarioMIP_NAM_CAS_FGOALS-g3_ssp245_r1i1p1f1_1981-2100.nc
14:00:12    inflating: /notebook_dir/writable-workspace/tmp/tutorial3/output/tx_mean_seasonal_ESPO-G6-R2_v1.0.0_CMIP6_ScenarioMIP_NAM_CAS_FGOALS-g3_ssp245_r1i1p1f1_1980-2100.nc
14:00:12    inflating: /notebook_dir/writable-workspace/tmp/tutorial3/output/tx_days_above_27_annual_ESPO-G6-R2_v1.0.0_CMIP6_ScenarioMIP_NAM_BCC_BCC-CSM2-MR_ssp245_r1i1p1f1_1981-2100.nc
14:00:12    inflating: /notebook_dir/writable-workspace/tmp/tutorial3/output/tx_days_above_27_seasonal_ESPO-G6-R2_v1.0.0_CMIP6_ScenarioMIP_NAM_BCC_BCC-CSM2-MR_ssp245_r1i1p1f1_1980-2100.nc
14:00:12    inflating: /notebook_dir/writable-workspace/tmp/tutorial3/output/tx_mean_annual_ESPO-G6-R2_v1.0.0_CMIP6_ScenarioMIP_NAM_BCC_BCC-CSM2-MR_ssp245_r1i1p1f1_1981-2100.nc
14:00:12    inflating: /notebook_dir/writable-workspace/tmp/tutorial3/output/tx_mean_seasonal_ESPO-G6-R2_v1.0.0_CMIP6_ScenarioMIP_NAM_BCC_BCC-CSM2-MR_ssp245_r1i1p1f1_1980-2100.nc
14:00:12    inflating: /notebook_dir/writable-workspace/tmp/tutorial3/output/tx_days_above_27_annual_ESPO-G6-R2_v1.0.0_CMIP6_ScenarioMIP_NAM_NOAA-GFDL_GFDL-ESM4_ssp370_r1i1p1f1_1981-2100.nc
14:00:12    inflating: /notebook_dir/writable-workspace/tmp/tutorial3/output/tx_days_above_27_seasonal_ESPO-G6-R2_v1.0.0_CMIP6_ScenarioMIP_NAM_NOAA-GFDL_GFDL-ESM4_ssp370_r1i1p1f1_1980-2100.nc
14:00:12    inflating: /notebook_dir/writable-workspace/tmp/tutorial3/output/tx_mean_annual_ESPO-G6-R2_v1.0.0_CMIP6_ScenarioMIP_NAM_NOAA-GFDL_GFDL-ESM4_ssp370_r1i1p1f1_1981-2100.nc
14:00:12    inflating: /notebook_dir/writable-workspace/tmp/tutorial3/output/tx_mean_seasonal_ESPO-G6-R2_v1.0.0_CMIP6_ScenarioMIP_NAM_NOAA-GFDL_GFDL-ESM4_ssp370_r1i1p1f1_1980-2100.nc
14:00:12    inflating: /notebook_dir/writable-workspace/tmp/tutorial3/output/tx_days_above_27_annual_ESPO-G6-R2_v1.0.0_CMIP6_ScenarioMIP_NAM_NIMS-KMA_KACE-1-0-G_ssp370_r1i1p1f1_1981-2100.nc
14:00:12    inflating: /notebook_dir/writable-workspace/tmp/tutorial3/output/tx_days_above_27_seasonal_ESPO-G6-R2_v1.0.0_CMIP6_ScenarioMIP_NAM_NIMS-KMA_KACE-1-0-G_ssp370_r1i1p1f1_1980-2100.nc
14:00:12    inflating: /notebook_dir/writable-workspace/tmp/tutorial3/output/tx_mean_annual_ESPO-G6-R2_v1.0.0_CMIP6_ScenarioMIP_NAM_NIMS-KMA_KACE-1-0-G_ssp370_r1i1p1f1_1981-2100.nc
14:00:12    inflating: /notebook_dir/writable-workspace/tmp/tutorial3/output/tx_mean_seasonal_ESPO-G6-R2_v1.0.0_CMIP6_ScenarioMIP_NAM_NIMS-KMA_KACE-1-0-G_ssp370_r1i1p1f1_1980-2100.nc
14:00:12    inflating: /notebook_dir/writable-workspace/tmp/tutorial3/output/tx_days_above_27_annual_ESPO-G6-R2_v1.0.0_CMIP6_ScenarioMIP_NAM_NCC_NorESM2-LM_ssp370_r1i1p1f1_1981-2100.nc
14:00:12    inflating: /notebook_dir/writable-workspace/tmp/tutorial3/output/tx_days_above_27_seasonal_ESPO-G6-R2_v1.0.0_CMIP6_ScenarioMIP_NAM_NCC_NorESM2-LM_ssp370_r1i1p1f1_1980-2100.nc
14:00:12    inflating: /notebook_dir/writable-workspace/tmp/tutorial3/output/tx_days_above_27_annual_ESPO-G6-R2_v1.0.0_CMIP6_ScenarioMIP_NAM_NOAA-GFDL_GFDL-ESM4_ssp245_r1i1p1f1_1981-2100.nc
14:00:12    inflating: /notebook_dir/writable-workspace/tmp/tutorial3/output/tx_days_above_27_seasonal_ESPO-G6-R2_v1.0.0_CMIP6_ScenarioMIP_NAM_NOAA-GFDL_GFDL-ESM4_ssp245_r1i1p1f1_1980-2100.nc
14:00:12    inflating: /notebook_dir/writable-workspace/tmp/tutorial3/output/tx_mean_annual_ESPO-G6-R2_v1.0.0_CMIP6_ScenarioMIP_NAM_NOAA-GFDL_GFDL-ESM4_ssp245_r1i1p1f1_1981-2100.nc
14:00:12    inflating: /notebook_dir/writable-workspace/tmp/tutorial3/output/tx_mean_seasonal_ESPO-G6-R2_v1.0.0_CMIP6_ScenarioMIP_NAM_NOAA-GFDL_GFDL-ESM4_ssp245_r1i1p1f1_1980-2100.nc
14:00:12    inflating: /notebook_dir/writable-workspace/tmp/tutorial3/output/tx_days_above_27_annual_ESPO-G6-R2_v1.0.0_CMIP6_ScenarioMIP_NAM_NIMS-KMA_KACE-1-0-G_ssp245_r1i1p1f1_1981-2100.nc
14:00:12    inflating: /notebook_dir/writable-workspace/tmp/tutorial3/output/tx_days_above_27_seasonal_ESPO-G6-R2_v1.0.0_CMIP6_ScenarioMIP_NAM_NIMS-KMA_KACE-1-0-G_ssp245_r1i1p1f1_1980-2100.nc
14:00:12    inflating: /notebook_dir/writable-workspace/tmp/tutorial3/output/tx_mean_annual_ESPO-G6-R2_v1.0.0_CMIP6_ScenarioMIP_NAM_NIMS-KMA_KACE-1-0-G_ssp245_r1i1p1f1_1981-2100.nc
14:00:12    inflating: /notebook_dir/writable-workspace/tmp/tutorial3/output/tx_mean_seasonal_ESPO-G6-R2_v1.0.0_CMIP6_ScenarioMIP_NAM_NIMS-KMA_KACE-1-0-G_ssp245_r1i1p1f1_1980-2100.nc
14:00:12    inflating: /notebook_dir/writable-workspace/tmp/tutorial3/output/tx_days_above_27_annual_ESPO-G6-R2_v1.0.0_CMIP6_ScenarioMIP_NAM_NCC_NorESM2-LM_ssp245_r1i1p1f1_1981-2100.nc
14:00:12    inflating: /notebook_dir/writable-workspace/tmp/tutorial3/output/tx_days_above_27_seasonal_ESPO-G6-R2_v1.0.0_CMIP6_ScenarioMIP_NAM_NCC_NorESM2-LM_ssp245_r1i1p1f1_1980-2100.nc
14:00:12    inflating: /notebook_dir/writable-workspace/tmp/tutorial3/output/tx_mean_annual_ESPO-G6-R2_v1.0.0_CMIP6_ScenarioMIP_NAM_NCC_NorESM2-LM_ssp245_r1i1p1f1_1981-2100.nc
14:00:12    inflating: /notebook_dir/writable-workspace/tmp/tutorial3/output/tx_mean_seasonal_ESPO-G6-R2_v1.0.0_CMIP6_ScenarioMIP_NAM_NCC_NorESM2-LM_ssp245_r1i1p1f1_1980-2100.nc
14:00:12    inflating: /notebook_dir/writable-workspace/tmp/tutorial3/output/tx_days_above_27_annual_ESPO-G6-R2_v1.0.0_CMIP6_ScenarioMIP_NAM_MRI_MRI-ESM2-0_ssp245_r1i1p1f1_1981-2100.nc
14:00:12    inflating: /notebook_dir/writable-workspace/tmp/tutorial3/output/tx_days_above_27_seasonal_ESPO-G6-R2_v1.0.0_CMIP6_ScenarioMIP_NAM_MRI_MRI-ESM2-0_ssp245_r1i1p1f1_1980-2100.nc
14:00:12    inflating: /notebook_dir/writable-workspace/tmp/tutorial3/output/tx_mean_annual_ESPO-G6-R2_v1.0.0_CMIP6_ScenarioMIP_NAM_MRI_MRI-ESM2-0_ssp245_r1i1p1f1_1981-2100.nc
14:00:12    inflating: /notebook_dir/writable-workspace/tmp/tutorial3/output/tx_mean_seasonal_ESPO-G6-R2_v1.0.0_CMIP6_ScenarioMIP_NAM_MRI_MRI-ESM2-0_ssp245_r1i1p1f1_1980-2100.nc
14:00:12    inflating: /notebook_dir/writable-workspace/tmp/tutorial3/output/tx_mean_annual_ESPO-G6-R2_v1.0.0_CMIP6_ScenarioMIP_NAM_NCC_NorESM2-LM_ssp370_r1i1p1f1_1981-2100.nc
14:00:12    inflating: /notebook_dir/writable-workspace/tmp/tutorial3/output/tx_mean_seasonal_ESPO-G6-R2_v1.0.0_CMIP6_ScenarioMIP_NAM_NCC_NorESM2-LM_ssp370_r1i1p1f1_1980-2100.nc
14:00:12    inflating: /notebook_dir/writable-workspace/tmp/tutorial3/output/tx_days_above_27_annual_ESPO-G6-R2_v1.0.0_CMIP6_ScenarioMIP_NAM_MRI_MRI-ESM2-0_ssp370_r1i1p1f1_1981-2100.nc
14:00:12    inflating: /notebook_dir/writable-workspace/tmp/tutorial3/output/tx_days_above_27_seasonal_ESPO-G6-R2_v1.0.0_CMIP6_ScenarioMIP_NAM_MRI_MRI-ESM2-0_ssp370_r1i1p1f1_1980-2100.nc
14:00:12    inflating: /notebook_dir/writable-workspace/tmp/tutorial3/output/tx_mean_annual_ESPO-G6-R2_v1.0.0_CMIP6_ScenarioMIP_NAM_MRI_MRI-ESM2-0_ssp370_r1i1p1f1_1981-2100.nc
14:00:12    inflating: /notebook_dir/writable-workspace/tmp/tutorial3/output/tx_mean_seasonal_ESPO-G6-R2_v1.0.0_CMIP6_ScenarioMIP_NAM_MRI_MRI-ESM2-0_ssp370_r1i1p1f1_1980-2100.nc
14:00:12    inflating: /notebook_dir/writable-workspace/tmp/tutorial3/output/tx_days_above_27_annual_ESPO-G6-R2_v1.0.0_CMIP6_ScenarioMIP_NAM_MPI-M_MPI-ESM1-2-LR_ssp370_r1i1p1f1_1981-2100.nc
14:00:12    inflating: /notebook_dir/writable-workspace/tmp/tutorial3/output/tx_days_above_27_seasonal_ESPO-G6-R2_v1.0.0_CMIP6_ScenarioMIP_NAM_MPI-M_MPI-ESM1-2-LR_ssp370_r1i1p1f1_1980-2100.nc
14:00:12    inflating: /notebook_dir/writable-workspace/tmp/tutorial3/output/tx_mean_annual_ESPO-G6-R2_v1.0.0_CMIP6_ScenarioMIP_NAM_MPI-M_MPI-ESM1-2-LR_ssp370_r1i1p1f1_1981-2100.nc
14:00:12    inflating: /notebook_dir/writable-workspace/tmp/tutorial3/output/tx_mean_seasonal_ESPO-G6-R2_v1.0.0_CMIP6_ScenarioMIP_NAM_MPI-M_MPI-ESM1-2-LR_ssp370_r1i1p1f1_1980-2100.nc
14:00:12    inflating: /notebook_dir/writable-workspace/tmp/tutorial3/output/tx_days_above_27_annual_ESPO-G6-R2_v1.0.0_CMIP6_ScenarioMIP_NAM_MPI-M_MPI-ESM1-2-HR_ssp370_r1i1p1f1_1981-2100.nc
14:00:12    inflating: /notebook_dir/writable-workspace/tmp/tutorial3/output/tx_days_above_27_seasonal_ESPO-G6-R2_v1.0.0_CMIP6_ScenarioMIP_NAM_MPI-M_MPI-ESM1-2-HR_ssp370_r1i1p1f1_1980-2100.nc
14:00:12    inflating: /notebook_dir/writable-workspace/tmp/tutorial3/output/tx_mean_annual_ESPO-G6-R2_v1.0.0_CMIP6_ScenarioMIP_NAM_MPI-M_MPI-ESM1-2-HR_ssp370_r1i1p1f1_1981-2100.nc
14:00:12    inflating: /notebook_dir/writable-workspace/tmp/tutorial3/output/tx_mean_seasonal_ESPO-G6-R2_v1.0.0_CMIP6_ScenarioMIP_NAM_MPI-M_MPI-ESM1-2-HR_ssp370_r1i1p1f1_1980-2100.nc
14:00:12    inflating: /notebook_dir/writable-workspace/tmp/tutorial3/output/tx_days_above_27_annual_ESPO-G6-R2_v1.0.0_CMIP6_ScenarioMIP_NAM_MIROC_MIROC6_ssp370_r1i1p1f1_1981-2100.nc
14:00:12    inflating: /notebook_dir/writable-workspace/tmp/tutorial3/output/tx_days_above_27_seasonal_ESPO-G6-R2_v1.0.0_CMIP6_ScenarioMIP_NAM_MIROC_MIROC6_ssp370_r1i1p1f1_1980-2100.nc
14:00:12    inflating: /notebook_dir/writable-workspace/tmp/tutorial3/output/tx_mean_annual_ESPO-G6-R2_v1.0.0_CMIP6_ScenarioMIP_NAM_MIROC_MIROC6_ssp370_r1i1p1f1_1981-2100.nc
14:00:12    inflating: /notebook_dir/writable-workspace/tmp/tutorial3/output/tx_mean_seasonal_ESPO-G6-R2_v1.0.0_CMIP6_ScenarioMIP_NAM_MIROC_MIROC6_ssp370_r1i1p1f1_1980-2100.nc
14:00:12    inflating: /notebook_dir/writable-workspace/tmp/tutorial3/output/tx_days_above_27_annual_ESPO-G6-R2_v1.0.0_CMIP6_ScenarioMIP_NAM_INM_INM-CM5-0_ssp370_r1i1p1f1_1981-2100.nc
14:00:12    inflating: /notebook_dir/writable-workspace/tmp/tutorial3/output/tx_days_above_27_seasonal_ESPO-G6-R2_v1.0.0_CMIP6_ScenarioMIP_NAM_INM_INM-CM5-0_ssp370_r1i1p1f1_1980-2100.nc
14:00:12    inflating: /notebook_dir/writable-workspace/tmp/tutorial3/output/tx_mean_annual_ESPO-G6-R2_v1.0.0_CMIP6_ScenarioMIP_NAM_INM_INM-CM5-0_ssp370_r1i1p1f1_1981-2100.nc
14:00:12    inflating: /notebook_dir/writable-workspace/tmp/tutorial3/output/tx_mean_seasonal_ESPO-G6-R2_v1.0.0_CMIP6_ScenarioMIP_NAM_INM_INM-CM5-0_ssp370_r1i1p1f1_1980-2100.nc
14:00:12    inflating: /notebook_dir/writable-workspace/tmp/tutorial3/output/tx_days_above_27_annual_ESPO-G6-R2_v1.0.0_CMIP6_ScenarioMIP_NAM_CSIRO_ACCESS-ESM1-5_ssp370_r1i1p1f1_1981-2100.nc
14:00:12    inflating: /notebook_dir/writable-workspace/tmp/tutorial3/output/tx_days_above_27_seasonal_ESPO-G6-R2_v1.0.0_CMIP6_ScenarioMIP_NAM_CSIRO_ACCESS-ESM1-5_ssp370_r1i1p1f1_1980-2100.nc
14:00:12    inflating: /notebook_dir/writable-workspace/tmp/tutorial3/output/tx_mean_annual_ESPO-G6-R2_v1.0.0_CMIP6_ScenarioMIP_NAM_CSIRO_ACCESS-ESM1-5_ssp370_r1i1p1f1_1981-2100.nc
14:00:12    inflating: /notebook_dir/writable-workspace/tmp/tutorial3/output/tx_mean_seasonal_ESPO-G6-R2_v1.0.0_CMIP6_ScenarioMIP_NAM_CSIRO_ACCESS-ESM1-5_ssp370_r1i1p1f1_1980-2100.nc
14:00:12    inflating: /notebook_dir/writable-workspace/tmp/tutorial3/output/tx_days_above_27_annual_ESPO-G6-R2_v1.0.0_CMIP6_ScenarioMIP_NAM_CSIRO-ARCCSS_ACCESS-CM2_ssp370_r1i1p1f1_1981-2100.nc
14:00:12    inflating: /notebook_dir/writable-workspace/tmp/tutorial3/output/tx_days_above_27_seasonal_ESPO-G6-R2_v1.0.0_CMIP6_ScenarioMIP_NAM_CSIRO-ARCCSS_ACCESS-CM2_ssp370_r1i1p1f1_1980-2100.nc
14:00:12    inflating: /notebook_dir/writable-workspace/tmp/tutorial3/output/tx_mean_annual_ESPO-G6-R2_v1.0.0_CMIP6_ScenarioMIP_NAM_CSIRO-ARCCSS_ACCESS-CM2_ssp370_r1i1p1f1_1981-2100.nc
14:00:12    inflating: /notebook_dir/writable-workspace/tmp/tutorial3/output/tx_mean_seasonal_ESPO-G6-R2_v1.0.0_CMIP6_ScenarioMIP_NAM_CSIRO-ARCCSS_ACCESS-CM2_ssp370_r1i1p1f1_1980-2100.nc
14:00:12  + unzip /home/jenkins/agent/workspace/_workflow-tests_new-docker-build/PAVICS-landing-pjei-update-202504/content/notebooks/climate_indicators/tutorial5.zip -d /notebook_dir/writable-workspace/tmp/
14:00:12  Archive:  /home/jenkins/agent/workspace/_workflow-tests_new-docker-build/PAVICS-landing-pjei-update-202504/content/notebooks/climate_indicators/tutorial5.zip
14:00:12    inflating: /notebook_dir/writable-workspace/tmp/tutorial5/output/Gaspesie_ESPO-G6-R2_30yAvg_ensemble_percentiles.nc
14:00:12  + HOMEPAGE_ROOT_DIR=/notebook_dir/pavics-homepage
14:00:12  + mkdir -p /notebook_dir/pavics-homepage
14:00:12  + ln -sv /home/jenkins/agent/workspace/_workflow-tests_new-docker-build/PAVICS-landing-pjei-update-202504/content/notebooks/climate_indicators/tutorial_data /notebook_dir/pavics-homepage/tutorial_data
14:00:12  '/notebook_dir/pavics-homepage/tutorial_data' -> '/home/jenkins/agent/workspace/_workflow-tests_new-docker-build/PAVICS-landing-pjei-update-202504/content/notebooks/climate_indicators/tutorial_data'
14:00:12  + [ xfalse = xtrue ]
14:00:12  + [ xtrue = xtrue ]
14:00:12  + NOTEBOOKS_TO_TEST= pavics-sdi-pjei-update-202504/docs/source/notebooks/*.ipynb PAVICS-landing-pjei-update-202504/content/notebooks/climate_indicators/*.ipynb PAVICS-landing-pjei-update-202504/content/notebooks/hydrology/*.ipynb RavenPy-master/docs/notebooks/*.ipynb
14:00:12  + NOTEBOOKS_TO_TEST= pavics-sdi-pjei-update-202504/docs/source/notebooks/*.ipynb PAVICS-landing-pjei-update-202504/content/notebooks/climate_indicators/*.ipynb PAVICS-landing-pjei-update-202504/content/notebooks/hydrology/*.ipynb RavenPy-master/docs/notebooks/*.ipynb RavenPy-master/docs/notebooks/paper/*.ipynb
14:00:12  + [ xfalse = xtrue ]
14:00:12  + [ xfalse = xtrue ]
14:00:12  + ./runtest  pavics-sdi-pjei-update-202504/docs/source/notebooks/*.ipynb PAVICS-landing-pjei-update-202504/content/notebooks/climate_indicators/*.ipynb PAVICS-landing-pjei-update-202504/content/notebooks/hydrology/*.ipynb RavenPy-master/docs/notebooks/*.ipynb RavenPy-master/docs/notebooks/paper/*.ipynb
14:00:12  + [ -n  ]
14:00:12  + [ ! -z pavics.ouranos.ca ]
14:00:12  + echo Will run notebooks against pavics.ouranos.ca
14:00:12  Will run notebooks against pavics.ouranos.ca
14:00:12  + [ -z  ]
14:00:12  + sed -i /\(\.ncml\|TEST_USE_PROD_DATA\)/!s/pavics.ouranos.ca/pavics.ouranos.ca/g pavics-sdi-pjei-update-202504/docs/source/notebooks/CaSR_basic.ipynb pavics-sdi-pjei-update-202504/docs/source/notebooks/FAQ_dask_parallel.ipynb pavics-sdi-pjei-update-202504/docs/source/notebooks/WCS_example.ipynb pavics-sdi-pjei-update-202504/docs/source/notebooks/WFS_example.ipynb pavics-sdi-pjei-update-202504/docs/source/notebooks/climex.ipynb pavics-sdi-pjei-update-202504/docs/source/notebooks/eccc-geoapi-climate-stations.ipynb pavics-sdi-pjei-update-202504/docs/source/notebooks/eccc-geoapi-xclim.ipynb pavics-sdi-pjei-update-202504/docs/source/notebooks/esgf-dap.ipynb pavics-sdi-pjei-update-202504/docs/source/notebooks/forecasts.ipynb pavics-sdi-pjei-update-202504/docs/source/notebooks/jupyter_extensions.ipynb pavics-sdi-pjei-update-202504/docs/source/notebooks/opendap.ipynb pavics-sdi-pjei-update-202504/docs/source/notebooks/pavics_thredds.ipynb pavics-sdi-pjei-update-202504/docs/source/notebooks/regridding.ipynb pavics-sdi-pjei-update-202504/docs/source/notebooks/rendering.ipynb pavics-sdi-pjei-update-202504/docs/source/notebooks/subset-user-input.ipynb pavics-sdi-pjei-update-202504/docs/source/notebooks/subsetting.ipynb PAVICS-landing-pjei-update-202504/content/notebooks/climate_indicators/PAVICStutorial_ClimateDataAnalysis-1DataAccess.ipynb PAVICS-landing-pjei-update-202504/content/notebooks/climate_indicators/PAVICStutorial_ClimateDataAnalysis-2Subsetting.ipynb PAVICS-landing-pjei-update-202504/content/notebooks/climate_indicators/PAVICStutorial_ClimateDataAnalysis-3Climate-Indicators.ipynb PAVICS-landing-pjei-update-202504/content/notebooks/climate_indicators/PAVICStutorial_ClimateDataAnalysis-4Ensembles.ipynb PAVICS-landing-pjei-update-202504/content/notebooks/climate_indicators/PAVICStutorial_ClimateDataAnalysis-5Visualization.ipynb PAVICS-landing-pjei-update-202504/content/notebooks/climate_indicators/PAVICStutorial_ClimateDataAnalysis-6Regridding_Conversion.ipynb PAVICS-landing-pjei-update-202504/content/notebooks/hydrology/PAVICStutorial_Hydrology-01_Intro.ipynb PAVICS-landing-pjei-update-202504/content/notebooks/hydrology/PAVICStutorial_Hydrology-02_Calibration.ipynb PAVICS-landing-pjei-update-202504/content/notebooks/hydrology/PAVICStutorial_Hydrology-03_Watershed_properties.ipynb PAVICS-landing-pjei-update-202504/content/notebooks/hydrology/PAVICStutorial_Hydrology-04_Time_series_analysis.ipynb RavenPy-master/docs/notebooks/00_Introduction_to_JupyterLab.ipynb RavenPy-master/docs/notebooks/01_Getting_watershed_boundaries.ipynb RavenPy-master/docs/notebooks/02_Extract_geographical_watershed_properties.ipynb RavenPy-master/docs/notebooks/03_Extracting_forcing_data.ipynb RavenPy-master/docs/notebooks/04_Emulating_hydrological_models.ipynb RavenPy-master/docs/notebooks/05_Advanced_RavenPy_configuration.ipynb RavenPy-master/docs/notebooks/06_Raven_calibration.ipynb RavenPy-master/docs/notebooks/07_Making_and_using_hotstart_files.ipynb RavenPy-master/docs/notebooks/08_Getting_and_bias_correcting_CMIP6_data.ipynb RavenPy-master/docs/notebooks/09_Hydrological_impacts_of_climate_change.ipynb RavenPy-master/docs/notebooks/10_Data_assimilation.ipynb RavenPy-master/docs/notebooks/11_Climatological_ESP_forecasting.ipynb RavenPy-master/docs/notebooks/12_Performing_hindcasting_experiments.ipynb RavenPy-master/docs/notebooks/Assess_probabilistic_flood_risk.ipynb RavenPy-master/docs/notebooks/Comparing_hindcasts_and_ESP_forecasts.ipynb RavenPy-master/docs/notebooks/Distributed_hydrological_modelling.ipynb RavenPy-master/docs/notebooks/Hydrological_realtime_forecasting.ipynb RavenPy-master/docs/notebooks/Managing_Jupyter_Environments.ipynb RavenPy-master/docs/notebooks/Perform_Regionalization.ipynb RavenPy-master/docs/notebooks/Running_HMETS_with_CANOPEX_dataset.ipynb RavenPy-master/docs/notebooks/Sensitivity_analysis.ipynb RavenPy-master/docs/notebooks/time_series_analysis.ipynb RavenPy-master/docs/notebooks/paper/Perform_a_climate_change_impact_study_on_a_watershed.ipynb
14:00:12  + [ x != xtrue ]
14:00:12  + git diff
14:00:12  + export PYTHONWARNINGS=ignore:Unverified HTTPS request
14:00:12  + handle_config_override_script_url /tmp/default-config-override.include.sh
14:00:12  + TMP_CONFIG_OVERRIDE_SCRIPT_URL=/tmp/default-config-override.include.sh
14:00:12  + [ -n /tmp/default-config-override.include.sh ]
14:00:12  + TMP_CONF_OVERRIDE=/tmp/conf_override
14:00:12  + rm -vf /tmp/conf_override
14:00:12  + CURL_EXIT_CODE=0
14:00:12  + echo /tmp/default-config-override.include.sh
14:00:12  + grep -e ^http
14:00:12  + TMP_CONF_OVERRIDE=/tmp/default-config-override.include.sh
14:00:12  + cat /tmp/default-config-override.include.sh
14:00:12
14:00:12  #!/bin/sh
14:00:12  # Config override script to exclude default notebooks.
14:00:12
14:00:12  # Add more -e for additional nbs to blacklist.
14:00:12  #NEW_NB_LIST="$(echo $NOTEBOOKS | sed \
14:00:12  #  -e "s@$RAVENPY_DIR/docs/notebooks/HydroShare_integration.ipynb@@" \
14:00:12  #  )"
14:00:12  #NOTEBOOKS="$NEW_NB_LIST"
14:00:12
14:00:12
14:00:12  # Select which notebooks to blacklist from generating output.
14:00:12  enable_resulting_nb() {
14:00:12      if [ x"$1" = x"$PAVICS_SDI_DIR/docs/source/notebooks/FAQ_dask_parallel.ipynb" ] ||
14:00:12         [ x"$1" = x"$PAVICS_LANDING_DIR/content/notebooks/climate_indicators/PAVICStutorial_ClimateDataAnalysis-3Climate-Indicators.ipynb" ]; then
14:00:12          # Blacklist those notebooks.
14:00:12          echo "Skipping \"$1\"."
14:00:12          return 1
14:00:12      else
14:00:12          # Enable all the rest.
14:00:12          return 0
14:00:12      fi
14:00:12  }
14:00:12
14:00:12  + [ -f /tmp/default-config-override.include.sh ]
14:00:12  + [ 0 -eq 0 ]
14:00:12  + . /tmp/default-config-override.include.sh
14:00:12  + TMP_CONFIG_OVERRIDE_SCRIPT_URL=
14:00:12  + handle_config_override_script_url
14:00:12  + TMP_CONFIG_OVERRIDE_SCRIPT_URL=
14:00:12  + [ -n  ]
14:00:12  + TMP_CONFIG_OVERRIDE_SCRIPT_URL=
14:00:12  + handle_config_override_script_url /tmp/custom-repos.include.sh
14:00:12  + TMP_CONFIG_OVERRIDE_SCRIPT_URL=/tmp/custom-repos.include.sh
14:00:12  + [ -n /tmp/custom-repos.include.sh ]
14:00:12  + TMP_CONF_OVERRIDE=/tmp/conf_override
14:00:12  + rm -vf /tmp/conf_override
14:00:12  + CURL_EXIT_CODE=0
14:00:12  + echo /tmp/custom-repos.include.sh
14:00:12  + grep -e ^http
14:00:12  + TMP_CONF_OVERRIDE=/tmp/custom-repos.include.sh
14:00:12  + cat /tmp/custom-repos.include.sh
14:00:12
14:00:12  #!/bin/sh -x
14:00:12  NOTEBOOKS=\
14:00:12  "${PAVICS_SDI_DIR}/docs/source/notebooks/FAQ_dask_parallel.ipynb \
14:00:12  ${PAVICS_SDI_DIR}/docs/source/notebooks/regridding.ipynb \
14:00:12  ${PAVICS_LANDING_DIR}/content/notebooks/hydrology/PAVICStutorial_Hydrology-01_Intro.ipynb \
14:00:12  ${PAVICS_LANDING_DIR}/content/notebooks/hydrology/PAVICStutorial_Hydrology-02_Calibration.ipynb \
14:00:12  ${RAVENPY_DIR}/docs/notebooks/Perform_Regionalization.ipynb"
14:00:12
14:00:12  enable_resulting_nb() {
14:00:12    return 0
14:00:12  }
14:00:12
14:00:12  + [ -f /tmp/custom-repos.include.sh ]
14:00:12  + [ 0 -eq 0 ]
14:00:12  + . /tmp/custom-repos.include.sh
14:00:12  + NOTEBOOKS=pavics-sdi-pjei-update-202504/docs/source/notebooks/FAQ_dask_parallel.ipynb pavics-sdi-pjei-update-202504/docs/source/notebooks/regridding.ipynb PAVICS-landing-pjei-update-202504/content/notebooks/hydrology/PAVICStutorial_Hydrology-01_Intro.ipynb PAVICS-landing-pjei-update-202504/content/notebooks/hydrology/PAVICStutorial_Hydrology-02_Calibration.ipynb RavenPy-master/docs/notebooks/Perform_Regionalization.ipynb
14:00:12  + TMP_CONFIG_OVERRIDE_SCRIPT_URL=
14:00:12  + py.test --rootdir=. --nbval pavics-sdi-pjei-update-202504/docs/source/notebooks/FAQ_dask_parallel.ipynb pavics-sdi-pjei-update-202504/docs/source/notebooks/regridding.ipynb PAVICS-landing-pjei-update-202504/content/notebooks/hydrology/PAVICStutorial_Hydrology-01_Intro.ipynb PAVICS-landing-pjei-update-202504/content/notebooks/hydrology/PAVICStutorial_Hydrology-02_Calibration.ipynb RavenPy-master/docs/notebooks/Perform_Regionalization.ipynb --nbval-sanitize-with notebooks/output-sanitize.cfg --dist=loadscope --numprocesses=0
14:00:19  ============================= test session starts ==============================
14:00:19  platform linux -- Python 3.11.11, pytest-8.3.5, pluggy-1.5.0
14:00:19  rootdir: /home/jenkins/agent/workspace/_workflow-tests_new-docker-build
14:00:19  plugins: anyio-4.9.0, dash-3.0.2, nbval-0.11.0, tornasync-0.6.0.post2, xdist-3.6.1
14:00:19  collected 55 items
14:00:19
14:00:45  pavics-sdi-pjei-update-202504/docs/source/notebooks/FAQ_dask_parallel.ipynb F [  1%]
14:07:49  .s......                                                                 [ 16%]
14:07:49  pavics-sdi-pjei-update-202504/docs/source/notebooks/regridding.ipynb ... [ 21%]
14:09:10  .....................FFFF                                                [ 67%]
14:09:12  PAVICS-landing-pjei-update-202504/content/notebooks/hydrology/PAVICStutorial_Hydrology-01_Intro.ipynb . [ 69%]
14:09:18  ..F.                                                                     [ 76%]
14:09:24  PAVICS-landing-pjei-update-202504/content/notebooks/hydrology/PAVICStutorial_Hydrology-02_Calibration.ipynb . [ 78%]
14:09:32  ....F                                                                    [ 87%]
14:09:40  RavenPy-master/docs/notebooks/Perform_Regionalization.ipynb ..FFFFF      [100%]
14:09:40
14:09:40  =================================== FAILURES ===================================
14:09:40  _ pavics-sdi-pjei-update-202504/docs/source/notebooks/FAQ_dask_parallel.ipynb::Cell 0 _
14:09:40  Notebook cell execution failed
14:09:40  Cell 0: Cell outputs differ
14:09:40
14:09:40  Input:
14:09:40  import shutil
14:09:40  import time
14:09:40  from pathlib import Path
14:09:40  from tempfile import TemporaryDirectory
14:09:40
14:09:40  import psutil
14:09:40  import xarray as xr
14:09:40  from dask import compute
14:09:40  from dask.distributed import Client
14:09:40  from IPython.display import clear_output
14:09:40  from xclim import atmos
14:09:40  from xscen.io import save_to_zarr
14:09:40
14:09:40  Traceback:
14:09:40   mismatch 'stderr'
14:09:40
14:09:40   assert reference_output == test_output failed:
14:09:40
14:09:40    '/home/USERNA...nings.warn(\n' == 'PYTHON_SITE_...nings.warn(\n'
14:09:40
14:09:40    - PYTHON_SITE_PACKAGES/xclim/sdba/__init__.py:22: FutureWarning: The SDBA submodule is in the process of being split from `xclim` in order to facilitate development and effective maintenance of the SDBA utilities. The `xclim.sdba` functionality will change in the future. For more information, please visit https://xsdba.readthedocs.io/en/latest/.
14:09:40    ? ^^^^   ^ ^^^^^^^^^^^
14:09:40    + /home/USERNAME/ANACONDA_LOCATION/envs/pavics-sdi/lib/python3.12/site-packages/xclim/sdba/__init__.py:22: FutureWarning: The SDBA submodule is in the process of being split from `xclim` in order to facilitate development and effective maintenance of the SDBA utilities. The `xclim.sdba` functionality will change in the future. For more information, please visit https://xsdba.readthedocs.io/en/latest/.
14:09:40    ? ^^^^^^^^^^^^^^^^^^^  ++ ^^^^^ ^^^^^^^^^^^^^^^^^^^^^^^^^^^^^^^^^^^^^^^^^^^^^^^
14:09:40        warnings.warn(
14:09:40
14:09:40
14:09:40  _ pavics-sdi-pjei-update-202504/docs/source/notebooks/regridding.ipynb::Cell 24 _
14:09:40  Notebook cell execution failed
14:09:40  Cell 24: Cell execution caused an exception
14:09:40
14:09:40  Input:
14:09:40  # NBVAL_IGNORE_OUTPUT
14:09:40
14:09:40  savg = xe.SpatialAverager(ds_in, shapes_simp.geometry)
14:09:40  tn_avg = savg(ds_in.tasmin)
14:09:40  tn_avg
14:09:40
14:09:40  Traceback:
14:09:40
14:09:40  ---------------------------------------------------------------------------
14:09:40  ValueError                                Traceback (most recent call last)
14:09:40  Cell In[1], line 3
14:09:40        1 # NBVAL_IGNORE_OUTPUT
14:09:40  ----> 3 savg = xe.SpatialAverager(ds_in, shapes_simp.geometry)
14:09:40        4 tn_avg = savg(ds_in.tasmin)
14:09:40        5 tn_avg
14:09:40
14:09:40  File /opt/conda/envs/birdy/lib/python3.11/site-packages/xesmf/frontend.py:1232, in SpatialAverager.__init__(self, ds_in, polys, ignore_holes, periodic, filename, reuse_weights, weights, ignore_degenerate, geom_dim_name)
14:09:40     1229 locstream_out, shape_out, _ = ds_to_ESMFlocstream(ds_out)
14:09:40     1231 # BaseRegridder with custom-computed weights and dummy out grid
14:09:40  -> 1232 super().__init__(
14:09:40     1233     grid_in,
14:09:40     1234     locstream_out,
14:09:40     1235     'conservative',
14:09:40     1236     input_dims=input_dims,
14:09:40     1237     weights=weights,
14:09:40     1238     filename=filename,
14:09:40     1239     reuse_weights=reuse_weights,
14:09:40     1240     ignore_degenerate=ignore_degenerate,
14:09:40     1241     unmapped_to_nan=False,
14:09:40     1242 )
14:09:40
14:09:40  File /opt/conda/envs/birdy/lib/python3.11/site-packages/xesmf/frontend.py:372, in BaseRegridder.__init__(self, grid_in, grid_out, method, filename, reuse_weights, extrap_method, extrap_dist_exponent, extrap_num_src_pnts, weights, ignore_degenerate, input_dims, output_dims, unmapped_to_nan, parallel)
14:09:40      370 if not parallel:
14:09:40      371     if not reuse_weights and weights is None:
14:09:40  --> 372         weights = self._compute_weights()  # Dictionary of weights
14:09:40      373     else:
14:09:40      374         weights = filename if filename is not None else weights
14:09:40
14:09:40  File /opt/conda/envs/birdy/lib/python3.11/site-packages/xesmf/frontend.py:1319, in SpatialAverager._compute_weights(self)
14:09:40     1316 w_int, area_int = self._compute_weights_and_area(mesh_int)
14:09:40     1318 # Append weights from holes as negative weights
14:09:40  -> 1319 w = xr.concat((w, -w_int), 'out_dim')
14:09:40     1321 # Append areas
14:09:40     1322 area = np.concatenate([area, area_int])
14:09:40
14:09:40  File /opt/conda/envs/birdy/lib/python3.11/site-packages/xarray/structure/concat.py:264, in concat(objs, dim, data_vars, coords, compat, positions, fill_value, join, combine_attrs, create_index_for_new_dim)
14:09:40      259     raise ValueError(
14:09:40      260         f"compat={compat!r} invalid: must be 'broadcast_equals', 'equals', 'identical', 'no_conflicts' or 'override'"
14:09:40      261     )
14:09:40      263 if isinstance(first_obj, DataArray):
14:09:40  --> 264     return _dataarray_concat(
14:09:40      265         objs,
14:09:40      266         dim=dim,
14:09:40      267         data_vars=data_vars,
14:09:40      268         coords=coords,
14:09:40      269         compat=compat,
14:09:40      270         positions=positions,
14:09:40      271         fill_value=fill_value,
14:09:40      272         join=join,
14:09:40      273         combine_attrs=combine_attrs,
14:09:40      274         create_index_for_new_dim=create_index_for_new_dim,
14:09:40      275     )
14:09:40      276 elif isinstance(first_obj, Dataset):
14:09:40      277     return _dataset_concat(
14:09:40      278         objs,
14:09:40      279         dim=dim,
14:09:40     (...)    287         create_index_for_new_dim=create_index_for_new_dim,
14:09:40      288     )
14:09:40
14:09:40  File /opt/conda/envs/birdy/lib/python3.11/site-packages/xarray/structure/concat.py:755, in _dataarray_concat(arrays, dim, data_vars, coords, compat, positions, fill_value, join, combine_attrs, create_index_for_new_dim)
14:09:40      752             arr = arr.rename(name)
14:09:40      753     datasets.append(arr._to_temp_dataset())
14:09:40  --> 755 ds = _dataset_concat(
14:09:40      756     datasets,
14:09:40      757     dim,
14:09:40      758     data_vars,
14:09:40      759     coords,
14:09:40      760     compat,
14:09:40      761     positions,
14:09:40      762     fill_value=fill_value,
14:09:40      763     join=join,
14:09:40      764     combine_attrs=combine_attrs,
14:09:40      765     create_index_for_new_dim=create_index_for_new_dim,
14:09:40      766 )
14:09:40      768 merged_attrs = merge_attrs([da.attrs for da in arrays], combine_attrs)
14:09:40      770 result = arrays[0]._from_temp_dataset(ds, name)
14:09:40
14:09:40  File /opt/conda/envs/birdy/lib/python3.11/site-packages/xarray/structure/concat.py:669, in _dataset_concat(datasets, dim, data_vars, coords, compat, positions, fill_value, join, combine_attrs, create_index_for_new_dim)
14:09:40      667         result_vars[k] = v
14:09:40      668 else:
14:09:40  --> 669     combined_var = concat_vars(
14:09:40      670         vars, dim_name, positions, combine_attrs=combine_attrs
14:09:40      671     )
14:09:40      672     # reindex if variable is not present in all datasets
14:09:40      673     if len(variable_index) < concat_index_size:
14:09:40
14:09:40  File /opt/conda/envs/birdy/lib/python3.11/site-packages/xarray/core/variable.py:3000, in concat(variables, dim, positions, shortcut, combine_attrs)
14:09:40     2998     return IndexVariable.concat(variables, dim, positions, shortcut, combine_attrs)
14:09:40     2999 else:
14:09:40  -> 3000     return Variable.concat(variables, dim, positions, shortcut, combine_attrs)
14:09:40
14:09:40  File /opt/conda/envs/birdy/lib/python3.11/site-packages/xarray/core/variable.py:1729, in Variable.concat(cls, variables, dim, positions, shortcut, combine_attrs)
14:09:40     1727 axis = first_var.get_axis_num(dim)
14:09:40     1728 dims = first_var_dims
14:09:40  -> 1729 data = duck_array_ops.concatenate(arrays, axis=axis)
14:09:40     1730 if positions is not None:
14:09:40     1731     # TODO: deprecate this option -- we don't need it for groupby
14:09:40     1732     # any more.
14:09:40     1733     indices = nputils.inverse_permutation(np.concatenate(positions))
14:09:40
14:09:40  File /opt/conda/envs/birdy/lib/python3.11/site-packages/xarray/core/duck_array_ops.py:419, in concatenate(arrays, axis)
14:09:40      417 xp = get_array_namespace(*arrays)
14:09:40      418 if hasattr(xp, "concat"):
14:09:40  --> 419     return xp.concat(as_shared_dtype(arrays, xp=xp), axis=axis)
14:09:40      420 else:
14:09:40      421     return xp.concatenate(as_shared_dtype(arrays, xp=xp), axis=axis)
14:09:40
14:09:40  File /opt/conda/envs/birdy/lib/python3.11/site-packages/sparse/numba_backend/_common.py:1549, in concatenate(arrays, axis, compressed_axes)
14:09:40     1546 if not builtins.all(isinstance(arr, GCXS) for arr in arrays):
14:09:40     1547     from ._coo import concatenate as coo_concat
14:09:40  -> 1549     return coo_concat(arrays, axis)
14:09:40     1551 from ._compressed import concatenate as gcxs_concat
14:09:40     1553 return gcxs_concat(arrays, axis, compressed_axes)
14:09:40
14:09:40  File /opt/conda/envs/birdy/lib/python3.11/site-packages/sparse/numba_backend/_coo/common.py:160, in concatenate(arrays, axis)
14:09:40      134 """
14:09:40      135 Concatenate the input arrays along the given dimension.
14:09:40      136
14:09:40     (...)    156 [`numpy.concatenate`][] : NumPy equivalent function
14:09:40      157 """
14:09:40      158 from .core import COO
14:09:40  --> 160 check_consistent_fill_value(arrays)
14:09:40      162 if axis is None:
14:09:40      163     axis = 0
14:09:40
14:09:40  File /opt/conda/envs/birdy/lib/python3.11/site-packages/sparse/numba_backend/_utils.py:634, in check_consistent_fill_value(arrays)
14:09:40      632 for i, arg in enumerate(arrays):
14:09:40      633     if not equivalent(fv, arg.fill_value):
14:09:40  --> 634         raise ValueError(
14:09:40      635             "This operation requires consistent fill-values, "
14:09:40      636             f"but argument {i:d} had a fill value of {arg.fill_value!s}, which "
14:09:40      637             f"is different from a fill_value of {fv!s} in the first "
14:09:40      638             "argument."
14:09:40      639         )
14:09:40
14:09:40  ValueError: This operation requires consistent fill-values, but argument 1 had a fill value of -0.0, which is different from a fill_value of 0.0 in the first argument.
14:09:40
14:09:40  _ pavics-sdi-pjei-update-202504/docs/source/notebooks/regridding.ipynb::Cell 25 _
14:09:40  Notebook cell execution failed
14:09:40  Cell 25: Cell execution caused an exception
14:09:40
14:09:40  Input:
14:09:40  # NBVAL_IGNORE_OUTPUT
14:09:40
14:09:40  # Set coordinates of "geom" to the shapes index
14:09:40  tn_avg["geom"] = shapes_simp.index.values
14:09:40
14:09:40  # Get a Dataset of properties from the dataframe
14:09:40  # Drop the geometries (we don't want them), convert to xarray and rename the index so it matches the one in tn_avg
14:09:40  props = shapes_simp.drop(columns=["geometry"]).to_xarray().rename(MRS_NM_MRC="geom")
14:09:40
14:09:40  # Assign all properties as "auxiliary" coordinates
14:09:40  tn_avg = tn_avg.assign_coords(**props.data_vars)
14:09:40  tn_avg
14:09:40
14:09:40  Traceback:
14:09:40
14:09:40  ---------------------------------------------------------------------------
14:09:40  NameError                                 Traceback (most recent call last)
14:09:40  Cell In[1], line 4
14:09:40        1 # NBVAL_IGNORE_OUTPUT
14:09:40        2
14:09:40        3 # Set coordinates of "geom" to the shapes index
14:09:40  ----> 4 tn_avg["geom"] = shapes_simp.index.values
14:09:40        6 # Get a Dataset of properties from the dataframe
14:09:40        7 # Drop the geometries (we don't want them), convert to xarray and rename the index so it matches the one in tn_avg
14:09:40        8 props = shapes_simp.drop(columns=["geometry"]).to_xarray().rename(MRS_NM_MRC="geom")
14:09:40
14:09:40  NameError: name 'tn_avg' is not defined
14:09:40
14:09:40  _ pavics-sdi-pjei-update-202504/docs/source/notebooks/regridding.ipynb::Cell 26 _
14:09:40  Notebook cell execution failed
14:09:40  Cell 26: Cell execution caused an exception
14:09:40
14:09:40  Input:
14:09:40  # NBVAL_IGNORE_OUTPUT
14:09:40  shapes_data = shapes_simp.copy()
14:09:40  shapes_data["tasmin"] = tn_avg.to_series()
14:09:40  shapes_data
14:09:40
14:09:40  Traceback:
14:09:40
14:09:40  ---------------------------------------------------------------------------
14:09:40  NameError                                 Traceback (most recent call last)
14:09:40  Cell In[1], line 3
14:09:40        1 # NBVAL_IGNORE_OUTPUT
14:09:40        2 shapes_data = shapes_simp.copy()
14:09:40  ----> 3 shapes_data["tasmin"] = tn_avg.to_series()
14:09:40        4 shapes_data
14:09:40
14:09:40  NameError: name 'tn_avg' is not defined
14:09:40
14:09:40  _ pavics-sdi-pjei-update-202504/docs/source/notebooks/regridding.ipynb::Cell 27 _
14:09:40  Notebook cell execution failed
14:09:40  Cell 27: Cell execution caused an exception
14:09:40
14:09:40  Input:
14:09:40  # NBVAL_IGNORE_OUTPUT
14:09:40
14:09:40  # Now we can plot easily the results as a choropleth map!
14:09:40  ax = shapes_data.plot(
14:09:40      "tasmin", legend=True, legend_kwds={"label": "Minimal temperature 1993-05-20 [K]"}
14:09:40  )
14:09:40  ax.set_ylabel("Latitude")
14:09:40  ax.set_xlabel("Longitude");
14:09:40
14:09:40  Traceback:
14:09:40
14:09:40  ---------------------------------------------------------------------------
14:09:40  KeyError                                  Traceback (most recent call last)
14:09:40  File /opt/conda/envs/birdy/lib/python3.11/site-packages/pandas/core/indexes/base.py:3805, in Index.get_loc(self, key)
14:09:40     3804 try:
14:09:40  -> 3805     return self._engine.get_loc(casted_key)
14:09:40     3806 except KeyError as err:
14:09:40
14:09:40  File index.pyx:167, in pandas._libs.index.IndexEngine.get_loc()
14:09:40
14:09:40  File index.pyx:196, in pandas._libs.index.IndexEngine.get_loc()
14:09:40
14:09:40  File pandas/_libs/hashtable_class_helper.pxi:7081, in pandas._libs.hashtable.PyObjectHashTable.get_item()
14:09:40
14:09:40  File pandas/_libs/hashtable_class_helper.pxi:7089, in pandas._libs.hashtable.PyObjectHashTable.get_item()
14:09:40
14:09:40  KeyError: 'tasmin'
14:09:40
14:09:40  The above exception was the direct cause of the following exception:
14:09:40
14:09:40  KeyError                                  Traceback (most recent call last)
14:09:40  Cell In[1], line 4
14:09:40        1 # NBVAL_IGNORE_OUTPUT
14:09:40        2
14:09:40        3 # Now we can plot easily the results as a choropleth map!
14:09:40  ----> 4 ax = shapes_data.plot(
14:09:40        5     "tasmin", legend=True, legend_kwds={"label": "Minimal temperature 1993-05-20 [K]"}
14:09:40        6 )
14:09:40        7 ax.set_ylabel("Latitude")
14:09:40        8 ax.set_xlabel("Longitude");
14:09:40
14:09:40  File /opt/conda/envs/birdy/lib/python3.11/site-packages/geopandas/plotting.py:968, in GeoplotAccessor.__call__(self, *args, **kwargs)
14:09:40      966 kind = kwargs.pop("kind", "geo")
14:09:40      967 if kind == "geo":
14:09:40  --> 968     return plot_dataframe(data, *args, **kwargs)
14:09:40      969 if kind in self._pandas_kinds:
14:09:40      970     # Access pandas plots
14:09:40      971     return PlotAccessor(data)(kind=kind, **kwargs)
14:09:40
14:09:40  File /opt/conda/envs/birdy/lib/python3.11/site-packages/geopandas/plotting.py:715, in plot_dataframe(df, column, cmap, color, ax, cax, categorical, legend, scheme, k, vmin, vmax, markersize, figsize, legend_kwds, categories, classification_kwds, missing_kwds, aspect, autolim, **style_kwds)
14:09:40      713             values = values.reindex(df.index)
14:09:40      714 else:
14:09:40  --> 715     values = df[column]
14:09:40      717 if isinstance(values.dtype, CategoricalDtype):
14:09:40      718     if categories is not None:
14:09:40
14:09:40  File /opt/conda/envs/birdy/lib/python3.11/site-packages/geopandas/geodataframe.py:1750, in GeoDataFrame.__getitem__(self, key)
14:09:40     1744 def __getitem__(self, key):
14:09:40     1745     """
14:09:40     1746     If the result is a column containing only 'geometry', return a
14:09:40     1747     GeoSeries. If it's a DataFrame with any columns of GeometryDtype,
14:09:40     1748     return a GeoDataFrame.
14:09:40     1749     """
14:09:40  -> 1750     result = super().__getitem__(key)
14:09:40     1751     # Custom logic to avoid waiting for pandas GH51895
14:09:40     1752     # result is not geometry dtype for multi-indexes
14:09:40     1753     if (
14:09:40     1754         pd.api.types.is_scalar(key)
14:09:40     1755         and key == ""
14:09:40     (...)   1758         and not is_geometry_type(result)
14:09:40     1759     ):
14:09:40
14:09:40  File /opt/conda/envs/birdy/lib/python3.11/site-packages/pandas/core/frame.py:4102, in DataFrame.__getitem__(self, key)
14:09:40     4100 if self.columns.nlevels > 1:
14:09:40     4101     return self._getitem_multilevel(key)
14:09:40  -> 4102 indexer = self.columns.get_loc(key)
14:09:40     4103 if is_integer(indexer):
14:09:40     4104     indexer = [indexer]
14:09:40
14:09:40  File /opt/conda/envs/birdy/lib/python3.11/site-packages/pandas/core/indexes/base.py:3812, in Index.get_loc(self, key)
14:09:40     3807     if isinstance(casted_key, slice) or (
14:09:40     3808         isinstance(casted_key, abc.Iterable)
14:09:40     3809         and any(isinstance(x, slice) for x in casted_key)
14:09:40     3810     ):
14:09:40     3811         raise InvalidIndexError(key)
14:09:40  -> 3812     raise KeyError(key) from err
14:09:40     3813 except TypeError:
14:09:40     3814     # If we have a listlike key, _check_indexing_error will raise
14:09:40     3815     #  InvalidIndexError. Otherwise we fall through and re-raise
14:09:40     3816     #  the TypeError.
14:09:40     3817     self._check_indexing_error(key)
14:09:40
14:09:40  KeyError: 'tasmin'
14:09:40
14:09:40  _ PAVICS-landing-pjei-update-202504/content/notebooks/hydrology/PAVICStutorial_Hydrology-01_Intro.ipynb::Cell 3 _
14:09:40  Notebook cell execution failed
14:09:40  Cell 3: Cell outputs differ
14:09:40
14:09:40  Input:
14:09:40  print(gr4jcn.rvi)
14:09:40
14:09:40  Traceback:
14:09:40   mismatch 'stdout'
14:09:40
14:09:40   assert reference_output == test_output failed:
14:09:40
14:09:40    ':Calendar   ...id GR4JCN\n\n' == ':Calendar   ...id GR4JCN\n\n'
14:09:40
14:09:40    Skipping 1643 identical leading characters in diff, use -v to show
14:09:40    - _by Raven 4.0
14:09:40    ?           ^ ^
14:09:40    + _by Raven 3.7
14:09:40    ?           ^ ^
14:09:40    - :NetCDFAttribute references Craig, J.R., and the Raven Development Team, Raven user's and developer's manual (Version 4.0), URL: https://raven.uwaterloo.ca/ (2025).
14:09:40    ?                                                                                                                       ^ ^            -                           ^
14:09:40    + :NetCDFAttribute references Craig, J.R., and the Raven Development Team, Raven user's and developer's manual (Version 3.7), URL: http://raven.uwaterloo.ca/ (2023).
14:09:40    ?                                                                                                                       ^ ^                                       ^
14:09:40      :NetCDFAttribute model_id GR4JCN
14:09:40
14:09:40
14:09:40
14:09:40  _ PAVICS-landing-pjei-update-202504/content/notebooks/hydrology/PAVICStutorial_Hydrology-02_Calibration.ipynb::Cell 5 _
14:09:40  Notebook cell execution failed
14:09:40  Cell 5: Cell outputs differ
14:09:40
14:09:40  Input:
14:09:40  model_config.params = list(optimized_parameters)
14:09:40  model_config.suppress_output = False
14:09:40
14:09:40  emulator = ravenpy.Emulator(model_config)
14:09:40  out = emulator.run()
14:09:40  out.hydrograph
14:09:40
14:09:40  Traceback:
14:09:40   mismatch 'text/plain'
14:09:40
14:09:40   assert reference_output == test_output failed:
14:09:40
14:09:40    '<xarray.Data...d:     GR4JCN' == '<xarray.Data...d:     GR4JCN'
14:09:40
14:09:40    Skipping 552 identical leading characters in diff, use -v to show
14:09:40    Skipping 131 identical trailing characters in diff, use -v to show
14:09:40    - _by Raven 4.0
14:09:40    ?           ^ ^
14:09:40    + _by Raven 3.7
14:09:40    ?           ^ ^
14:09:40          desc
14:09:40
14:09:40
14:09:40  _____ RavenPy-master/docs/notebooks/Perform_Regionalization.ipynb::Cell 2 ______
14:09:40  Notebook cell execution failed
14:09:40  Cell 2: Cell execution caused an exception
14:09:40
14:09:40  Input:
14:09:40  # We need to provide the name of the model structure we are using. Can be "GR4JCN", "HMETS" or "MOHYSE"
14:09:40  model_structure = "GR4JCN"
14:09:40
14:09:40  # Read the table of model parameters and calibrated NSE values for all the basins in the donors dataset
14:09:40  nash, params = read_gauged_params(model_structure)
14:09:40
14:09:40  # Which variables do we want to use to estimate the parameter relationships?
14:09:40  # Possible values and their description are provided here:
14:09:40  """
14:09:40  latitude  (catchment centroid latitude, degrees)
14:09:40  longitude (catchment centroid longitude, degrees)
14:09:40  area      (drainage area, km)
14:09:40  gravelius (Gravelius index)
14:09:40  perimeter (catchment perimeter, m)
14:09:40  elevation (mean catchment elevation, m)
14:09:40  slope     (mean catchment slope, %)
14:09:40  aspect    (catchment orientation vs. North, degrees)
14:09:40  forest    (Land-use percentage as forest (%))
14:09:40  grass     (Land-use percentage as grass (%))
14:09:40  wetland   (Land-use percentage as wetlands (%))
14:09:40  urban     (Land-use percentage as urban areas (%))
14:09:40  shrubs    (Land-use percentage as shrubs (%))
14:09:40  crops     (Land-use percentage as crops (%))
14:09:40  snowIce   (Land-use percentage as permanent snow/ice (%))
14:09:40  """
14:09:40  variables = ["latitude", "longitude", "area", "forest"]
14:09:40
14:09:40  # Read the desired properties from the donors table
14:09:40  props = read_gauged_properties(variables)
14:09:40
14:09:40  # Provide the values for the desired variables for the ungauged basin (used to estimate relationships)
14:09:40  ungauged_props = {
14:09:40      "latitude": 40.4848,
14:09:40      "longitude": -103.3659,
14:09:40      "area": 4250.6,
14:09:40      "forest": 0.4,
14:09:40  }
14:09:40
14:09:40  # Choice of the regionalization method. You can choose between the following methods (with their description):
14:09:40  """
14:09:40  SP   (Spatial Proximity: Uses the latitude and longitude only by default, returns the nearest donors)
14:09:40  PS   (Physical Similarity: Finds the most similar donor catchments according to your desired variables)
14:09:40  MLR  (Multiple Linear Regression: Build a linear regression between the desired variables and the model
14:09:40       parameters from the donor database. Then estimate parameters from the linear regression using
14:09:40       the ungauged basin's properties.)
14:09:40  SP-IDW (Spatial Proximity but average the results of multiple donors using the inverse distance weighting
14:09:40          based on distance)
14:09:40  PS-IDW (Physical Similarity but average the results of multiple donors using the inverse distance weighting
14:09:40          of degree of similarity)
14:09:40  SP-IDW-RA (SP-IDW while adding regression-based parameters to the donor parameter dataset
14:09:40            [Arsenault and Brissette, 2014])
14:09:40  PS-IDW-RA (PS-IDW while adding regression-based parameters to the donor parameter dataset
14:09:40            [Arsenault and Brissette, 2014])
14:09:40  ---
14:09:40  Arsenault, R., and Brissette, F. P. (2014), Continuous streamflow prediction in ungauged basins:
14:09:40  The effects of equifinality and parameter set selection on uncertainty in regionalization approaches,
14:09:40  Water Resour. Res., 50, 61356153, doi:10.1002/2013WR014898.
14:09:40  """
14:09:40  regionalization_method = "SP-IDW-RA"
14:09:40
14:09:40  # Here we provide a threshold to exclude donor catchments. Basically, any donors whose calibration NSE is lower
14:09:40  # than this threshold is considered unreliable and is removed from the database prior to processing. 0.6-0.7 are
14:09:40  # generally well-accepted values in the literature. The higher the threshold, the fewer donors remain so an
14:09:40  # equilibrium must be found.
14:09:40  minimum_donor_NSE = 0.7
14:09:40
14:09:40  # Finally, we can choose how many donors we want to use. The value is only used for SP- and PS-based methods.
14:09:40  # The hydrographs generated by running the model using the parameters of multiple donors are averaged (either
14:09:40  # using a simple mean, or using IDW if we used the IDW tag) which results in generally better hydrographs than
14:09:40  # any of the single hydrographs.
14:09:40  number_donors = 5
14:09:40
14:09:40  # Launch the regionalization method and get
14:09:40  #  - hydrograph: the mean hydrograph, and
14:09:40  #  - ensemble_hydrograph: the hydrographs of each of the individual donors before averaging
14:09:40  hydrograph, ensemble_hydrograph = regionalize(
14:09:40      config=model_config,
14:09:40      method=regionalization_method,
14:09:40      nash=nash,
14:09:40      params=params,
14:09:40      props=props,
14:09:40      target_props=ungauged_props,
14:09:40      min_NSE=minimum_donor_NSE,
14:09:40      size=number_donors,
14:09:40  )
14:09:40
14:09:40  Traceback:
14:09:40
14:09:40  ---------------------------------------------------------------------------
14:09:40  TypeError                                 Traceback (most recent call last)
14:09:40  Cell In[1], line 76
14:09:40       71 number_donors = 5
14:09:40       73 # Launch the regionalization method and get
14:09:40       74 #  - hydrograph: the mean hydrograph, and
14:09:40       75 #  - ensemble_hydrograph: the hydrographs of each of the individual donors before averaging
14:09:40  ---> 76 hydrograph, ensemble_hydrograph = regionalize(
14:09:40       77     config=model_config,
14:09:40       78     method=regionalization_method,
14:09:40       79     nash=nash,
14:09:40       80     params=params,
14:09:40       81     props=props,
14:09:40       82     target_props=ungauged_props,
14:09:40       83     min_NSE=minimum_donor_NSE,
14:09:40       84     size=number_donors,
14:09:40       85 )
14:09:40
14:09:40  File /opt/conda/envs/birdy/lib/python3.11/site-packages/ravenpy/utilities/regionalization.py:130, in regionalize(config, method, nash, params, props, target_props, size, min_NSE, workdir, overwrite)
14:09:40      127 sprop = filtered_prop.loc[sdist.index]
14:09:40      129 # Get the list of parameters to run
14:09:40  --> 130 reg_params = regionalization_params(
14:09:40      131     method, sparams, sprop, ungauged_properties, filtered_params, filtered_prop
14:09:40      132 )
14:09:40      134 # Run the model over all parameters and create ensemble DataArray
14:09:40      136 ensemble = []
14:09:40
14:09:40  File /opt/conda/envs/birdy/lib/python3.11/site-packages/ravenpy/utilities/regionalization.py:310, in regionalization_params(method, gauged_params, gauged_properties, ungauged_properties, filtered_params, filtered_prop)
14:09:40      286 """
14:09:40      287 Return the model parameters to use for the regionalization.
14:09:40      288
14:09:40     (...)    307     A list of model parameters to be used for the regionalization.
14:09:40      308 """
14:09:40      309 if method == "MLR" or "RA" in method:
14:09:40  --> 310     mlr_params, r2 = multiple_linear_regression(
14:09:40      311         filtered_prop, filtered_params, ungauged_properties.to_frame().T
14:09:40      312     )
14:09:40      314     if method == "MLR":  # Return the multiple linear regression parameters.
14:09:40      315         out = [
14:09:40      316             mlr_params,
14:09:40      317         ]
14:09:40
14:09:40  File /opt/conda/envs/birdy/lib/python3.11/site-packages/ravenpy/utilities/regionalization.py:401, in multiple_linear_regression(source, params, target)
14:09:40      398 mlr_parameters = [r.predict(exog=predictors)[0] for r in regression]
14:09:40      400 # Extract the adjusted r_squared value for each parameter
14:09:40  --> 401 r2 = [r.rsquared_adj() for r in regression]
14:09:40      403 return mlr_parameters, r2
14:09:40
14:09:40  File /opt/conda/envs/birdy/lib/python3.11/site-packages/ravenpy/utilities/regionalization.py:401, in <listcomp>(.0)
14:09:40      398 mlr_parameters = [r.predict(exog=predictors)[0] for r in regression]
14:09:40      400 # Extract the adjusted r_squared value for each parameter
14:09:40  --> 401 r2 = [r.rsquared_adj() for r in regression]
14:09:40      403 return mlr_parameters, r2
14:09:40
14:09:40  TypeError: 'numpy.float64' object is not callable
14:09:40
14:09:40  _____ RavenPy-master/docs/notebooks/Perform_Regionalization.ipynb::Cell 3 ______
14:09:40  Notebook cell execution failed
14:09:40  Cell 3: Cell execution caused an exception
14:09:40
14:09:40  Input:
14:09:40  display(hydrograph)
14:09:40
14:09:40  Traceback:
14:09:40
14:09:40  ---------------------------------------------------------------------------
14:09:40  NameError                                 Traceback (most recent call last)
14:09:40  Cell In[1], line 1
14:09:40  ----> 1 display(hydrograph)
14:09:40
14:09:40  NameError: name 'hydrograph' is not defined
14:09:40
14:09:40  _____ RavenPy-master/docs/notebooks/Perform_Regionalization.ipynb::Cell 4 ______
14:09:40  Notebook cell execution failed
14:09:40  Cell 4: Cell execution caused an exception
14:09:40
14:09:40  Input:
14:09:40  display(ensemble_hydrograph)
14:09:40
14:09:40  Traceback:
14:09:40
14:09:40  ---------------------------------------------------------------------------
14:09:40  NameError                                 Traceback (most recent call last)
14:09:40  Cell In[1], line 1
14:09:40  ----> 1 display(ensemble_hydrograph)
14:09:40
14:09:40  NameError: name 'ensemble_hydrograph' is not defined
14:09:40
14:09:40  _____ RavenPy-master/docs/notebooks/Perform_Regionalization.ipynb::Cell 5 ______
14:09:40  Notebook cell execution failed
14:09:40  Cell 5: Cell execution caused an exception
14:09:40
14:09:40  Input:
14:09:40  qq = ensemble_hydrograph.q_sim[0, :, 0]
14:09:40
14:09:40  ensemble_hydrograph.q_sim[:, :, 0].plot.line("b", x="time", add_legend=False)
14:09:40  ensemble_hydrograph.q_sim[1, :, 0].plot.line(
14:09:40      "b", x="time", label="Regionalized hydrographs"
14:09:40  )
14:09:40  qq.plot.line("r", x="time", label="observations")
14:09:40  plt.legend(loc="upper right")
14:09:40  plt.show()
14:09:40
14:09:40  Traceback:
14:09:40
14:09:40  ---------------------------------------------------------------------------
14:09:40  NameError                                 Traceback (most recent call last)
14:09:40  Cell In[1], line 1
14:09:40  ----> 1 qq = ensemble_hydrograph.q_sim[0, :, 0]
14:09:40        3 ensemble_hydrograph.q_sim[:, :, 0].plot.line("b", x="time", add_legend=False)
14:09:40        4 ensemble_hydrograph.q_sim[1, :, 0].plot.line(
14:09:40        5     "b", x="time", label="Regionalized hydrographs"
14:09:40        6 )
14:09:40
14:09:40  NameError: name 'ensemble_hydrograph' is not defined
14:09:40
14:09:40  _____ RavenPy-master/docs/notebooks/Perform_Regionalization.ipynb::Cell 6 ______
14:09:40  Notebook cell execution failed
14:09:40  Cell 6: Cell execution caused an exception
14:09:40
14:09:40  Input:
14:09:40  print("Max: ", hydrograph.max())
14:09:40  print("Mean: ", hydrograph.mean())
14:09:40  print("Monthly means: ", hydrograph.groupby("time.month").mean(dim="time"))
14:09:40
14:09:40  Traceback:
14:09:40
14:09:40  ---------------------------------------------------------------------------
14:09:40  NameError                                 Traceback (most recent call last)
14:09:40  Cell In[1], line 1
14:09:40  ----> 1 print("Max: ", hydrograph.max())
14:09:40        2 print("Mean: ", hydrograph.mean())
14:09:40        3 print("Monthly means: ", hydrograph.groupby("time.month").mean(dim="time"))
14:09:40
14:09:40  NameError: name 'hydrograph' is not defined
14:09:40
14:09:40  =========================== short test summary info ============================
14:09:40  FAILED pavics-sdi-pjei-update-202504/docs/source/notebooks/FAQ_dask_parallel.ipynb::Cell 0
14:09:40  FAILED pavics-sdi-pjei-update-202504/docs/source/notebooks/regridding.ipynb::Cell 24
14:09:40  FAILED pavics-sdi-pjei-update-202504/docs/source/notebooks/regridding.ipynb::Cell 25
14:09:40  FAILED pavics-sdi-pjei-update-202504/docs/source/notebooks/regridding.ipynb::Cell 26
14:09:40  FAILED pavics-sdi-pjei-update-202504/docs/source/notebooks/regridding.ipynb::Cell 27
14:09:40  FAILED PAVICS-landing-pjei-update-202504/content/notebooks/hydrology/PAVICStutorial_Hydrology-01_Intro.ipynb::Cell 3
14:09:40  FAILED PAVICS-landing-pjei-update-202504/content/notebooks/hydrology/PAVICStutorial_Hydrology-02_Calibration.ipynb::Cell 5
14:09:40  FAILED RavenPy-master/docs/notebooks/Perform_Regionalization.ipynb::Cell 2
14:09:40  FAILED RavenPy-master/docs/notebooks/Perform_Regionalization.ipynb::Cell 3
14:09:40  FAILED RavenPy-master/docs/notebooks/Perform_Regionalization.ipynb::Cell 4
14:09:40  FAILED RavenPy-master/docs/notebooks/Perform_Regionalization.ipynb::Cell 5
14:09:40  FAILED RavenPy-master/docs/notebooks/Perform_Regionalization.ipynb::Cell 6
14:09:40  ============= 12 failed, 42 passed, 1 skipped in 561.73s (0:09:21) =============
14:09:40  + EXIT_CODE=1
14:09:40  + lowercase true
14:09:40  + echo true
14:09:40  + tr [:upper:] [:lower:]
14:09:40  + SAVE_RESULTING_NOTEBOOK=true
14:09:40  + RESULTING_NOTEBOOKS=pavics-sdi-pjei-update-202504/docs/source/notebooks/FAQ_dask_parallel.ipynb pavics-sdi-pjei-update-202504/docs/source/notebooks/regridding.ipynb PAVICS-landing-pjei-update-202504/content/notebooks/hydrology/PAVICStutorial_Hydrology-01_Intro.ipynb PAVICS-landing-pjei-update-202504/content/notebooks/hydrology/PAVICStutorial_Hydrology-02_Calibration.ipynb RavenPy-master/docs/notebooks/Perform_Regionalization.ipynb
14:09:40  + BUILDOUT_DIR=buildout
14:09:40  + pre_saving_resulting_nb
14:09:40  + echo Default: no pre_saving_resulting_nb() override.
14:09:40  Default: no pre_saving_resulting_nb() override.
14:09:40  + mkdir -p buildout/
14:09:40  + choose_artifact_filename pavics-sdi-pjei-update-202504/docs/source/notebooks/FAQ_dask_parallel.ipynb
14:09:40  + echo pavics-sdi-pjei-update-202504/docs/source/notebooks/FAQ_dask_parallel.ipynb
14:09:40  + filename=pavics-sdi-pjei-update-202504/docs/source/notebooks/FAQ_dask_parallel.ipynb
14:09:40  + echo pavics-sdi-pjei-update-202504/docs/source/notebooks/FAQ_dask_parallel.ipynb
14:09:40  + sed s/.ipynb$//
14:09:40  + filename=pavics-sdi-pjei-update-202504/docs/source/notebooks/FAQ_dask_parallel
14:09:40  + [ -e buildout/pavics-sdi-pjei-update-202504/docs/source/notebooks/FAQ_dask_parallel.ipynb ]
14:09:40  + dirname pavics-sdi-pjei-update-202504/docs/source/notebooks/FAQ_dask_parallel
14:09:40  + dir_filename=pavics-sdi-pjei-update-202504/docs/source/notebooks
14:09:40  + [ -n pavics-sdi-pjei-update-202504/docs/source/notebooks ]
14:09:40  + mkdir -p buildout/pavics-sdi-pjei-update-202504/docs/source/notebooks
14:09:40  + cp pavics-sdi-pjei-update-202504/docs/source/notebooks/FAQ_dask_parallel.ipynb buildout/pavics-sdi-pjei-update-202504/docs/source/notebooks/FAQ_dask_parallel.ipynb
14:09:40  + [ xtrue = xtrue ]
14:09:40  + enable_resulting_nb pavics-sdi-pjei-update-202504/docs/source/notebooks/FAQ_dask_parallel.ipynb
14:09:40  + return 0
14:09:40  + jupyter nbconvert --to notebook --execute --ExecutePreprocessor.timeout=240 --allow-errors --output-dir buildout --output pavics-sdi-pjei-update-202504/docs/source/notebooks/FAQ_dask_parallel.output.ipynb pavics-sdi-pjei-update-202504/docs/source/notebooks/FAQ_dask_parallel.ipynb
14:09:42  [NbConvertApp] Converting notebook pavics-sdi-pjei-update-202504/docs/source/notebooks/FAQ_dask_parallel.ipynb to notebook
14:13:03  2025-04-15 18:13:01,974 - distributed.worker - ERROR - Failed to communicate with scheduler during heartbeat.
14:13:03  Traceback (most recent call last):
14:13:03    File "/opt/conda/envs/birdy/lib/python3.11/site-packages/distributed/comm/tcp.py", line 226, in read
14:13:03      frames_nosplit_nbytes_bin = await stream.read_bytes(fmt_size)
14:13:03                                  ^^^^^^^^^^^^^^^^^^^^^^^^^^^^^^^^^
14:13:03  tornado.iostream.StreamClosedError: Stream is closed
14:13:03
14:13:03  The above exception was the direct cause of the following exception:
14:13:03
14:13:03  Traceback (most recent call last):
14:13:03    File "/opt/conda/envs/birdy/lib/python3.11/site-packages/distributed/worker.py", line 1269, in heartbeat
14:13:03      response = await retry_operation(
14:13:03                 ^^^^^^^^^^^^^^^^^^^^^^
14:13:03    File "/opt/conda/envs/birdy/lib/python3.11/site-packages/distributed/utils_comm.py", line 416, in retry_operation
14:13:03      return await retry(
14:13:03             ^^^^^^^^^^^^
14:13:03    File "/opt/conda/envs/birdy/lib/python3.11/site-packages/distributed/utils_comm.py", line 395, in retry
14:13:03      return await coro()
14:13:03             ^^^^^^^^^^^^
14:13:03    File "/opt/conda/envs/birdy/lib/python3.11/site-packages/distributed/core.py", line 1259, in send_recv_from_rpc
14:13:03      return await send_recv(comm=comm, op=key, **kwargs)
14:13:03             ^^^^^^^^^^^^^^^^^^^^^^^^^^^^^^^^^^^^^^^^^^^^
14:13:03    File "/opt/conda/envs/birdy/lib/python3.11/site-packages/distributed/core.py", line 1018, in send_recv
14:13:03      response = await comm.read(deserializers=deserializers)
14:13:03                 ^^^^^^^^^^^^^^^^^^^^^^^^^^^^^^^^^^^^^^^^^^^^
14:13:03    File "/opt/conda/envs/birdy/lib/python3.11/site-packages/distributed/comm/tcp.py", line 237, in read
14:13:03      convert_stream_closed_error(self, e)
14:13:03    File "/opt/conda/envs/birdy/lib/python3.11/site-packages/distributed/comm/tcp.py", line 137, in convert_stream_closed_error
14:13:03      raise CommClosedError(f"in {obj}: {exc}") from exc
14:13:03  distributed.comm.core.CommClosedError: in <TCP (closed) ConnectionPool.heartbeat_worker local=tcp://127.0.0.1:47114 remote=tcp://127.0.0.1:45757>: Stream is closed
14:13:59  2025-04-15 18:13:52,591 - distributed.worker - ERROR - Failed to communicate with scheduler during heartbeat.
14:13:59  Traceback (most recent call last):
14:13:59    File "/opt/conda/envs/birdy/lib/python3.11/site-packages/distributed/comm/tcp.py", line 226, in read
14:13:59      frames_nosplit_nbytes_bin = await stream.read_bytes(fmt_size)
14:13:59                                  ^^^^^^^^^^^^^^^^^^^^^^^^^^^^^^^^^
14:13:59  tornado.iostream.StreamClosedError: Stream is closed
14:13:59
14:13:59  The above exception was the direct cause of the following exception:
14:13:59
14:13:59  Traceback (most recent call last):
14:13:59    File "/opt/conda/envs/birdy/lib/python3.11/site-packages/distributed/worker.py", line 1269, in heartbeat
14:13:59      response = await retry_operation(
14:13:59                 ^^^^^^^^^^^^^^^^^^^^^^
14:13:59    File "/opt/conda/envs/birdy/lib/python3.11/site-packages/distributed/utils_comm.py", line 416, in retry_operation
14:13:59      return await retry(
14:13:59             ^^^^^^^^^^^^
14:13:59    File "/opt/conda/envs/birdy/lib/python3.11/site-packages/distributed/utils_comm.py", line 395, in retry
14:13:59      return await coro()
14:13:59             ^^^^^^^^^^^^
14:13:59    File "/opt/conda/envs/birdy/lib/python3.11/site-packages/distributed/core.py", line 1259, in send_recv_from_rpc
14:13:59      return await send_recv(comm=comm, op=key, **kwargs)
14:13:59             ^^^^^^^^^^^^^^^^^^^^^^^^^^^^^^^^^^^^^^^^^^^^
14:13:59    File "/opt/conda/envs/birdy/lib/python3.11/site-packages/distributed/core.py", line 1018, in send_recv
14:13:59      response = await comm.read(deserializers=deserializers)
14:13:59                 ^^^^^^^^^^^^^^^^^^^^^^^^^^^^^^^^^^^^^^^^^^^^
14:13:59    File "/opt/conda/envs/birdy/lib/python3.11/site-packages/distributed/comm/tcp.py", line 237, in read
14:13:59      convert_stream_closed_error(self, e)
14:13:59    File "/opt/conda/envs/birdy/lib/python3.11/site-packages/distributed/comm/tcp.py", line 137, in convert_stream_closed_error
14:13:59      raise CommClosedError(f"in {obj}: {exc}") from exc
14:13:59  distributed.comm.core.CommClosedError: in <TCP (closed) ConnectionPool.heartbeat_worker local=tcp://127.0.0.1:58210 remote=tcp://127.0.0.1:33917>: Stream is closed
14:17:06  [NbConvertApp] ERROR | Timeout waiting for execute reply (240s).
14:17:06  Traceback (most recent call last):
14:17:06    File "/opt/conda/envs/birdy/lib/python3.11/site-packages/nbclient/client.py", line 782, in _async_poll_for_reply
14:17:06      msg = await ensure_async(self.kc.shell_channel.get_msg(timeout=new_timeout))
14:17:06            ^^^^^^^^^^^^^^^^^^^^^^^^^^^^^^^^^^^^^^^^^^^^^^^^^^^^^^^^^^^^^^^^^^^^^^
14:17:06    File "/opt/conda/envs/birdy/lib/python3.11/site-packages/jupyter_core/utils/__init__.py", line 198, in ensure_async
14:17:06      result = await obj
14:17:06               ^^^^^^^^^
14:17:06    File "/opt/conda/envs/birdy/lib/python3.11/site-packages/jupyter_client/channels.py", line 230, in get_msg
14:17:06      raise Empty
14:17:06  _queue.Empty
14:17:06
14:17:06  During handling of the above exception, another exception occurred:
14:17:06
14:17:06  Traceback (most recent call last):
14:17:06    File "/opt/conda/envs/birdy/bin/jupyter-nbconvert", line 10, in <module>
14:17:06      sys.exit(main())
14:17:06               ^^^^^^
14:17:06    File "/opt/conda/envs/birdy/lib/python3.11/site-packages/jupyter_core/application.py", line 283, in launch_instance
14:17:06      super().launch_instance(argv=argv, **kwargs)
14:17:06    File "/opt/conda/envs/birdy/lib/python3.11/site-packages/traitlets/config/application.py", line 1075, in launch_instance
14:17:06      app.start()
14:17:06    File "/opt/conda/envs/birdy/lib/python3.11/site-packages/nbconvert/nbconvertapp.py", line 420, in start
14:17:06      self.convert_notebooks()
14:17:06    File "/opt/conda/envs/birdy/lib/python3.11/site-packages/nbconvert/nbconvertapp.py", line 597, in convert_notebooks
14:17:06      self.convert_single_notebook(notebook_filename)
14:17:06    File "/opt/conda/envs/birdy/lib/python3.11/site-packages/nbconvert/nbconvertapp.py", line 563, in convert_single_notebook
14:17:06      output, resources = self.export_single_notebook(
14:17:06                          ^^^^^^^^^^^^^^^^^^^^^^^^^^^^
14:17:06    File "/opt/conda/envs/birdy/lib/python3.11/site-packages/nbconvert/nbconvertapp.py", line 487, in export_single_notebook
14:17:06      output, resources = self.exporter.from_filename(
14:17:06                          ^^^^^^^^^^^^^^^^^^^^^^^^^^^^
14:17:06    File "/opt/conda/envs/birdy/lib/python3.11/site-packages/nbconvert/exporters/exporter.py", line 201, in from_filename
14:17:06      return self.from_file(f, resources=resources, **kw)
14:17:06             ^^^^^^^^^^^^^^^^^^^^^^^^^^^^^^^^^^^^^^^^^^^^
14:17:06    File "/opt/conda/envs/birdy/lib/python3.11/site-packages/nbconvert/exporters/exporter.py", line 220, in from_file
14:17:06      return self.from_notebook_node(
14:17:06             ^^^^^^^^^^^^^^^^^^^^^^^^
14:17:06    File "/opt/conda/envs/birdy/lib/python3.11/site-packages/nbconvert/exporters/notebook.py", line 36, in from_notebook_node
14:17:06      nb_copy, resources = super().from_notebook_node(nb, resources, **kw)
14:17:06                           ^^^^^^^^^^^^^^^^^^^^^^^^^^^^^^^^^^^^^^^^^^^^^^^
14:17:06    File "/opt/conda/envs/birdy/lib/python3.11/site-packages/nbconvert/exporters/exporter.py", line 154, in from_notebook_node
14:17:06      nb_copy, resources = self._preprocess(nb_copy, resources)
14:17:06                           ^^^^^^^^^^^^^^^^^^^^^^^^^^^^^^^^^^^^
14:17:06    File "/opt/conda/envs/birdy/lib/python3.11/site-packages/nbconvert/exporters/exporter.py", line 353, in _preprocess
14:17:06      nbc, resc = preprocessor(nbc, resc)
14:17:06                  ^^^^^^^^^^^^^^^^^^^^^^^
14:17:06    File "/opt/conda/envs/birdy/lib/python3.11/site-packages/nbconvert/preprocessors/base.py", line 48, in __call__
14:17:06      return self.preprocess(nb, resources)
14:17:06             ^^^^^^^^^^^^^^^^^^^^^^^^^^^^^^
14:17:06    File "/opt/conda/envs/birdy/lib/python3.11/site-packages/nbconvert/preprocessors/execute.py", line 103, in preprocess
14:17:06      self.preprocess_cell(cell, resources, index)
14:17:06    File "/opt/conda/envs/birdy/lib/python3.11/site-packages/nbconvert/preprocessors/execute.py", line 124, in preprocess_cell
14:17:06      cell = self.execute_cell(cell, index, store_history=True)
14:17:06             ^^^^^^^^^^^^^^^^^^^^^^^^^^^^^^^^^^^^^^^^^^^^^^^^^^
14:17:06    File "/opt/conda/envs/birdy/lib/python3.11/site-packages/jupyter_core/utils/__init__.py", line 165, in wrapped
14:17:06      return loop.run_until_complete(inner)
14:17:06             ^^^^^^^^^^^^^^^^^^^^^^^^^^^^^^
14:17:06    File "/opt/conda/envs/birdy/lib/python3.11/asyncio/base_events.py", line 654, in run_until_complete
14:17:06      return future.result()
14:17:06             ^^^^^^^^^^^^^^^
14:17:06    File "/opt/conda/envs/birdy/lib/python3.11/site-packages/nbclient/client.py", line 1005, in async_execute_cell
14:17:06      exec_reply = await self.task_poll_for_reply
14:17:06                   ^^^^^^^^^^^^^^^^^^^^^^^^^^^^^^
14:17:06    File "/opt/conda/envs/birdy/lib/python3.11/site-packages/nbclient/client.py", line 806, in _async_poll_for_reply
14:17:06      error_on_timeout_execute_reply = await self._async_handle_timeout(timeout, cell)
14:17:06                                       ^^^^^^^^^^^^^^^^^^^^^^^^^^^^^^^^^^^^^^^^^^^^^^^
14:17:06    File "/opt/conda/envs/birdy/lib/python3.11/site-packages/nbclient/client.py", line 856, in _async_handle_timeout
14:17:06      raise CellTimeoutError.error_from_timeout_and_cell(
14:17:06  nbclient.exceptions.CellTimeoutError: A cell timed out while it was being executed, after 240 seconds.
14:17:06  The message was: Cell execution timed out.
14:17:06  Here is a preview of the cell contents:
14:17:06  -------------------
14:17:06  ['# NBVAL_IGNORE_OUTPUT', '', 'start_time = time.time()', '', 'url = "https://pavics.ouranos.ca/twitcher/ows/proxy/thredds/dodsC/datasets/reanalyses/day_ERA5-Land_NAM.ncml"']
14:17:06  ...
14:17:06  ['            outzarr3.parent.mkdir(exist_ok=True, parents=True)', '            shutil.move(tmpzarr, outzarr3)', '', 'end_time = time.time()', 'print(f"Total computation time: {end_time - start_time:.2f} seconds")']
14:17:06  -------------------
14:17:06
14:17:06  + choose_artifact_filename pavics-sdi-pjei-update-202504/docs/source/notebooks/regridding.ipynb
14:17:06  + echo pavics-sdi-pjei-update-202504/docs/source/notebooks/regridding.ipynb
14:17:06  + filename=pavics-sdi-pjei-update-202504/docs/source/notebooks/regridding.ipynb
14:17:06  + sed s/.ipynb$//
14:17:06  + echo pavics-sdi-pjei-update-202504/docs/source/notebooks/regridding.ipynb
14:17:06  + filename=pavics-sdi-pjei-update-202504/docs/source/notebooks/regridding
14:17:06  + [ -e buildout/pavics-sdi-pjei-update-202504/docs/source/notebooks/regridding.ipynb ]
14:17:06  + dirname pavics-sdi-pjei-update-202504/docs/source/notebooks/regridding
14:17:06  + dir_filename=pavics-sdi-pjei-update-202504/docs/source/notebooks
14:17:06  + [ -n pavics-sdi-pjei-update-202504/docs/source/notebooks ]
14:17:06  + mkdir -p buildout/pavics-sdi-pjei-update-202504/docs/source/notebooks
14:17:06  + cp pavics-sdi-pjei-update-202504/docs/source/notebooks/regridding.ipynb buildout/pavics-sdi-pjei-update-202504/docs/source/notebooks/regridding.ipynb
14:17:06  + [ xtrue = xtrue ]
14:17:06  + enable_resulting_nb pavics-sdi-pjei-update-202504/docs/source/notebooks/regridding.ipynb
14:17:06  + return 0
14:17:06  + jupyter nbconvert --to notebook --execute --ExecutePreprocessor.timeout=240 --allow-errors --output-dir buildout --output pavics-sdi-pjei-update-202504/docs/source/notebooks/regridding.output.ipynb pavics-sdi-pjei-update-202504/docs/source/notebooks/regridding.ipynb
14:17:07  [NbConvertApp] Converting notebook pavics-sdi-pjei-update-202504/docs/source/notebooks/regridding.ipynb to notebook
14:18:43  [NbConvertApp] Writing 1197657 bytes to buildout/pavics-sdi-pjei-update-202504/docs/source/notebooks/regridding.output.ipynb
14:18:43  + choose_artifact_filename PAVICS-landing-pjei-update-202504/content/notebooks/hydrology/PAVICStutorial_Hydrology-01_Intro.ipynb
14:18:43  + echo PAVICS-landing-pjei-update-202504/content/notebooks/hydrology/PAVICStutorial_Hydrology-01_Intro.ipynb
14:18:43  + filename=PAVICS-landing-pjei-update-202504/content/notebooks/hydrology/PAVICStutorial_Hydrology-01_Intro.ipynb
14:18:43  + echo PAVICS-landing-pjei-update-202504/content/notebooks/hydrology/PAVICStutorial_Hydrology-01_Intro.ipynb
14:18:43  + sed s/.ipynb$//
14:18:43  + filename=PAVICS-landing-pjei-update-202504/content/notebooks/hydrology/PAVICStutorial_Hydrology-01_Intro
14:18:43  + [ -e buildout/PAVICS-landing-pjei-update-202504/content/notebooks/hydrology/PAVICStutorial_Hydrology-01_Intro.ipynb ]
14:18:43  + dirname PAVICS-landing-pjei-update-202504/content/notebooks/hydrology/PAVICStutorial_Hydrology-01_Intro
14:18:43  + dir_filename=PAVICS-landing-pjei-update-202504/content/notebooks/hydrology
14:18:43  + [ -n PAVICS-landing-pjei-update-202504/content/notebooks/hydrology ]
14:18:43  + mkdir -p buildout/PAVICS-landing-pjei-update-202504/content/notebooks/hydrology
14:18:43  + cp PAVICS-landing-pjei-update-202504/content/notebooks/hydrology/PAVICStutorial_Hydrology-01_Intro.ipynb buildout/PAVICS-landing-pjei-update-202504/content/notebooks/hydrology/PAVICStutorial_Hydrology-01_Intro.ipynb
14:18:43  + [ xtrue = xtrue ]
14:18:43  + enable_resulting_nb PAVICS-landing-pjei-update-202504/content/notebooks/hydrology/PAVICStutorial_Hydrology-01_Intro.ipynb
14:18:43  + return 0
14:18:43  + jupyter nbconvert --to notebook --execute --ExecutePreprocessor.timeout=240 --allow-errors --output-dir buildout --output PAVICS-landing-pjei-update-202504/content/notebooks/hydrology/PAVICStutorial_Hydrology-01_Intro.output.ipynb PAVICS-landing-pjei-update-202504/content/notebooks/hydrology/PAVICStutorial_Hydrology-01_Intro.ipynb
14:18:43  [NbConvertApp] Converting notebook PAVICS-landing-pjei-update-202504/content/notebooks/hydrology/PAVICStutorial_Hydrology-01_Intro.ipynb to notebook
14:18:46  [NbConvertApp] Writing 126340 bytes to buildout/PAVICS-landing-pjei-update-202504/content/notebooks/hydrology/PAVICStutorial_Hydrology-01_Intro.output.ipynb
14:18:46  + choose_artifact_filename PAVICS-landing-pjei-update-202504/content/notebooks/hydrology/PAVICStutorial_Hydrology-02_Calibration.ipynb
14:18:46  + echo PAVICS-landing-pjei-update-202504/content/notebooks/hydrology/PAVICStutorial_Hydrology-02_Calibration.ipynb
14:18:46  + filename=PAVICS-landing-pjei-update-202504/content/notebooks/hydrology/PAVICStutorial_Hydrology-02_Calibration.ipynb
14:18:46  + echo PAVICS-landing-pjei-update-202504/content/notebooks/hydrology/PAVICStutorial_Hydrology-02_Calibration.ipynb
14:18:46  + sed s/.ipynb$//
14:18:46  + filename=PAVICS-landing-pjei-update-202504/content/notebooks/hydrology/PAVICStutorial_Hydrology-02_Calibration
14:18:46  + [ -e buildout/PAVICS-landing-pjei-update-202504/content/notebooks/hydrology/PAVICStutorial_Hydrology-02_Calibration.ipynb ]
14:18:46  + dirname PAVICS-landing-pjei-update-202504/content/notebooks/hydrology/PAVICStutorial_Hydrology-02_Calibration
14:18:46  + dir_filename=PAVICS-landing-pjei-update-202504/content/notebooks/hydrology
14:18:46  + [ -n PAVICS-landing-pjei-update-202504/content/notebooks/hydrology ]
14:18:46  + mkdir -p buildout/PAVICS-landing-pjei-update-202504/content/notebooks/hydrology
14:18:46  + cp PAVICS-landing-pjei-update-202504/content/notebooks/hydrology/PAVICStutorial_Hydrology-02_Calibration.ipynb buildout/PAVICS-landing-pjei-update-202504/content/notebooks/hydrology/PAVICStutorial_Hydrology-02_Calibration.ipynb
14:18:46  + [ xtrue = xtrue ]
14:18:46  + enable_resulting_nb PAVICS-landing-pjei-update-202504/content/notebooks/hydrology/PAVICStutorial_Hydrology-02_Calibration.ipynb
14:18:46  + return 0
14:18:46  + jupyter nbconvert --to notebook --execute --ExecutePreprocessor.timeout=240 --allow-errors --output-dir buildout --output PAVICS-landing-pjei-update-202504/content/notebooks/hydrology/PAVICStutorial_Hydrology-02_Calibration.output.ipynb PAVICS-landing-pjei-update-202504/content/notebooks/hydrology/PAVICStutorial_Hydrology-02_Calibration.ipynb
14:18:48  [NbConvertApp] Converting notebook PAVICS-landing-pjei-update-202504/content/notebooks/hydrology/PAVICStutorial_Hydrology-02_Calibration.ipynb to notebook
14:19:03  [NbConvertApp] Writing 35796 bytes to buildout/PAVICS-landing-pjei-update-202504/content/notebooks/hydrology/PAVICStutorial_Hydrology-02_Calibration.output.ipynb
14:19:03  + choose_artifact_filename RavenPy-master/docs/notebooks/Perform_Regionalization.ipynb
14:19:03  + echo RavenPy-master/docs/notebooks/Perform_Regionalization.ipynb
14:19:03  + filename=RavenPy-master/docs/notebooks/Perform_Regionalization.ipynb
14:19:03  + echo RavenPy-master/docs/notebooks/Perform_Regionalization.ipynb
14:19:03  + sed s/.ipynb$//
14:19:03  + filename=RavenPy-master/docs/notebooks/Perform_Regionalization
14:19:03  + [ -e buildout/RavenPy-master/docs/notebooks/Perform_Regionalization.ipynb ]
14:19:03  + dirname RavenPy-master/docs/notebooks/Perform_Regionalization
14:19:03  + dir_filename=RavenPy-master/docs/notebooks
14:19:03  + [ -n RavenPy-master/docs/notebooks ]
14:19:03  + mkdir -p buildout/RavenPy-master/docs/notebooks
14:19:03  + cp RavenPy-master/docs/notebooks/Perform_Regionalization.ipynb buildout/RavenPy-master/docs/notebooks/Perform_Regionalization.ipynb
14:19:03  + [ xtrue = xtrue ]
14:19:03  + enable_resulting_nb RavenPy-master/docs/notebooks/Perform_Regionalization.ipynb
14:19:03  + return 0
14:19:03  + jupyter nbconvert --to notebook --execute --ExecutePreprocessor.timeout=240 --allow-errors --output-dir buildout --output RavenPy-master/docs/notebooks/Perform_Regionalization.output.ipynb RavenPy-master/docs/notebooks/Perform_Regionalization.ipynb
14:19:04  [NbConvertApp] Converting notebook RavenPy-master/docs/notebooks/Perform_Regionalization.ipynb to notebook
14:19:16  [NbConvertApp] Writing 23486 bytes to buildout/RavenPy-master/docs/notebooks/Perform_Regionalization.output.ipynb
14:19:16  + post_runtest
14:19:16  + echo Default: no post_runtest() override.
14:19:16  Default: no post_runtest() override.
14:19:16  + exit 1
14:19:16  + EXIT_CODE=1
14:19:16  + ENV_DUMP_DIR=buildout/env-dump
14:19:16  + mkdir -p buildout/env-dump
14:19:16  + ENV_EXPORT_FILE=buildout/env-dump/environment-export-birdy.yml
14:19:16  + rm -fv buildout/env-dump/environment-export-birdy.yml
14:19:16  + conda env export -n birdy
14:19:29  + LIST_EXPLICIT_FILE=buildout/env-dump/conda-list-explicit-birdy.txt
14:19:29  + rm -fv buildout/env-dump/conda-list-explicit-birdy.txt
14:19:29  + conda list -n birdy --explicit
14:19:34  + PIP_FREEZE_FILE=buildout/env-dump/pip-freeze-birdy-requirements.txt
14:19:34  + rm -fv buildout/env-dump/pip-freeze-birdy-requirements.txt
14:19:34  + pip freeze
14:19:34  + exit 1
[Pipeline] }
[Pipeline] // withCredentials
[Pipeline] }
[Pipeline] // script
[Pipeline] }
[Pipeline] // stage
[Pipeline] stage
[Pipeline] { (Declarative: Post Actions)
[Pipeline] archiveArtifacts
14:19:36  Archiving artifacts
14:19:36  Recording fingerprints
[Pipeline] archiveArtifacts
14:19:36  Archiving artifacts
14:19:36  Recording fingerprints
[Pipeline] emailextrecipients
[Pipeline] step
14:19:37  Sending e-mails to: smith.trevorj@ouranos.ca
[Pipeline] }
[Pipeline] // stage
[Pipeline] }
[Pipeline] // timeout
[Pipeline] }
[Pipeline] // timestamps
[Pipeline] }
[Pipeline] // ansiColor
[Pipeline] }
$ docker stop --time=1 c469ff3ee3372bf6dcb3f7694448e6351d85abc950f5c2c74c593e1811089a99
$ docker rm -f c469ff3ee3372bf6dcb3f7694448e6351d85abc950f5c2c74c593e1811089a99
[Pipeline] // withDockerContainer
[Pipeline] }
[Pipeline] // withEnv
[Pipeline] }
[Pipeline] // node
[Pipeline] End of Pipeline
ERROR: script returned exit code 1
Finished: FAILURE